23:58:39 | Микроклимат 501 3 | Авария управления
23:59:39 | Микроклимат 501 3 | Авария управления
0:00:43 | Микроклимат 501 3 | Авария управления
0:01:46 | Микроклимат 501 3 | Авария управления
0:02:39 | Микроклимат 501 3 | Авария управления
0:03:39 | Микроклимат 501 3 | Авария управления
0:04:39 | Микроклимат 501 3 | Авария управления
0:05:39 | Микроклимат 501 3 | Авария управления
0:06:39 | Микроклимат 501 3 | Авария управления
0:07:45 | Микроклимат 501 3 | Авария управления
0:08:39 | Микроклимат 501 3 | Авария управления
0:09:39 | Микроклимат 501 3 | Авария управления
0:10:39 | Микроклимат 501 3 | Авария управления
0:11:39 | Микроклимат 501 3 | Авария управления
0:12:45 | Микроклимат 501 3 | Авария управления
0:13:39 | Микроклимат 501 3 | Авария управления
0:14:39 | Микроклимат 501 3 | Авария управления
0:15:39 | Микроклимат 501 3 | Авария управления
0:16:45 | Микроклимат 501 3 | Авария управления
0:17:39 | Микроклимат 501 3 | Авария управления
0:18:39 | Микроклимат 501 3 | Авария управления
0:19:39 | Микроклимат 501 3 | Авария управления
0:20:39 | Микроклимат 501 3 | Авария управления
0:21:39 | Микроклимат 501 3 | Авария управления
0:22:39 | Микроклимат 501 3 | Авария управления
0:23:39 | Микроклимат 501 3 | Авария управления
0:24:39 | Микроклимат 501 3 | Авария управления
0:25:39 | Микроклимат 501 3 | Авария управления
0:26:39 | Микроклимат 501 3 | Авария управления
0:27:45 | Микроклимат 501 3 | Авария управления
0:28:39 | Микроклимат 501 3 | Авария управления
0:29:39 | Микроклимат 501 3 | Авария управления
0:30:39 | Микроклимат 501 3 | Авария управления
0:31:39 | Микроклимат 501 3 | Авария управления
0:32:39 | Микроклимат 501 3 | Авария управления
0:33:39 | Микроклимат 501 3 | Авария управления
0:34:45 | Микроклимат 501 3 | Авария управления
0:35:39 | Микроклимат 501 3 | Авария управления
0:36:39 | Микроклимат 501 3 | Авария управления
0:37:39 | Микроклимат 501 3 | Авария управления
0:38:45 | Микроклимат 501 3 | Авария управления
0:39:39 | Микроклимат 501 3 | Авария управления
0:40:39 | Микроклимат 501 3 | Авария управления
0:41:39 | Микроклимат 501 3 | Авария управления
0:42:40 | Микроклимат 501 3 | Авария управления
0:43:39 | Микроклимат 501 3 | Авария управления
0:44:39 | Микроклимат 501 3 | Авария управления
0:45:39 | Микроклимат 501 3 | Авария управления
0:46:39 | Микроклимат 501 3 | Авария управления
0:47:39 | Микроклимат 501 3 | Авария управления
0:48:39 | Микроклимат 501 3 | Авария управления
0:49:39 | Микроклимат 501 3 | Авария управления
0:50:39 | Микроклимат 501 3 | Авария управления
0:51:39 | Микроклимат 501 3 | Авария управления
0:52:39 | Микроклимат 501 3 | Авария управления
0:53:39 | Микроклимат 501 3 | Авария управления
0:54:39 | Микроклимат 501 3 | Авария управления
0:55:45 | Микроклимат 501 3 | Авария управления
0:56:39 | Микроклимат 501 3 | Авария управления
0:57:39 | Микроклимат 501 3 | Авария управления
0:58:39 | Микроклимат 501 3 | Авария управления
0:59:39 | Микроклимат 501 3 | Авария управления
1:00:45 | Микроклимат 501 3 | Авария управления
1:01:39 | Микроклимат 501 3 | Авария управления
1:02:39 | Микроклимат 501 3 | Авария управления
1:03:39 | Микроклимат 501 3 | Авария управления
1:04:39 | Микроклимат 501 3 | Авария управления
1:05:39 | Микроклимат 501 3 | Авария управления
1:06:39 | Микроклимат 501 3 | Авария управления
1:07:45 | Микроклимат 501 3 | Авария управления
1:08:39 | Микроклимат 501 3 | Авария управления
1:09:39 | Микроклимат 501 3 | Авария управления
1:10:39 | Микроклимат 501 3 | Авария управления
1:11:45 | Микроклимат 501 3 | Авария управления
1:12:39 | Микроклимат 501 3 | Авария управления
1:13:39 | Микроклимат 501 3 | Авария управления
1:14:39 | Микроклимат 501 3 | Авария управления
1:15:39 | Микроклимат 501 3 | Авария управления
1:16:39 | Микроклимат 501 3 | Авария управления
1:17:39 | Микроклимат 501 3 | Авария управления
1:18:45 | Микроклимат 501 3 | Авария управления
1:19:39 | Микроклимат 501 3 | Авария управления
1:20:39 | Микроклимат 501 3 | Авария управления
1:21:39 | Микроклимат 501 3 | Авария управления
1:22:45 | Микроклимат 501 3 | Авария управления
1:23:39 | Микроклимат 501 3 | Авария управления
1:24:39 | Микроклимат 501 3 | Авария управления
1:25:39 | Микроклимат 501 3 | Авария управления
1:26:39 | Микроклимат 501 3 | Авария управления
1:27:39 | Микроклимат 501 3 | Авария управления
1:28:39 | Микроклимат 501 3 | Авария управления
1:29:45 | Микроклимат 501 3 | Авария управления
1:30:39 | Микроклимат 501 3 | Авария управления
1:31:39 | Микроклимат 501 3 | Авария управления
1:32:39 | Микроклимат 501 3 | Авария управления
1:33:39 | Микроклимат 501 3 | Авария управления
1:34:39 | Микроклимат 501 3 | Авария управления
1:35:39 | Микроклимат 501 3 | Авария управления
1:36:45 | Микроклимат 501 3 | Авария управления
1:37:39 | Микроклимат 501 3 | Авария управления
1:38:39 | Микроклимат 501 3 | Авария управления
1:39:39 | Микроклимат 501 3 | Авария управления
1:40:45 | Микроклимат 501 3 | Авария управления
1:41:39 | Микроклимат 501 3 | Авария управления
1:42:39 | Микроклимат 501 3 | Авария управления
1:43:39 | Микроклимат 501 3 | Авария управления
1:44:45 | Микроклимат 501 3 | Авария управления
1:45:39 | Микроклимат 501 3 | Авария управления
1:46:39 | Микроклимат 501 3 | Авария управления
1:47:39 | Микроклимат 501 3 | Авария управления
1:48:39 | Микроклимат 501 3 | Авария управления
1:49:39 | Микроклимат 501 3 | Авария управления
1:50:39 | Микроклимат 501 3 | Авария управления
1:51:45 | Микроклимат 501 3 | Авария управления
1:52:39 | Микроклимат 501 3 | Авария управления
1:53:39 | Микроклимат 501 3 | Авария управления
1:54:39 | Микроклимат 501 3 | Авария управления
1:55:45 | Микроклимат 501 3 | Авария управления
1:56:39 | Микроклимат 501 3 | Авария управления
1:57:39 | Микроклимат 501 3 | Авария управления
1:58:39 | Микроклимат 501 3 | Авария управления
1:59:39 | Микроклимат 501 3 | Авария управления
2:00:39 | Микроклимат 501 3 | Авария управления
2:01:39 | Микроклимат 501 3 | Авария управления
2:02:45 | Микроклимат 501 3 | Авария управления
2:03:39 | Микроклимат 501 3 | Авария управления
2:04:39 | Микроклимат 501 3 | Авария управления
2:05:39 | Микроклимат 501 3 | Авария управления
2:06:39 | Микроклимат 501 3 | Авария управления
2:07:39 | Микроклимат 501 3 | Авария управления
2:08:39 | Микроклимат 501 3 | Авария управления
2:09:39 | Микроклимат 501 3 | Авария управления
2:10:39 | Микроклимат 501 3 | Авария управления
2:11:39 | Микроклимат 501 3 | Авария управления
2:12:39 | Микроклимат 501 3 | Авария управления
2:13:45 | Микроклимат 501 3 | Авария управления
2:14:39 | Микроклимат 501 3 | Авария управления
2:15:39 | Микроклимат 501 3 | Авария управления
2:16:39 | Микроклимат 501 3 | Авария управления
2:17:45 | Микроклимат 501 3 | Авария управления
2:18:39 | Микроклимат 501 3 | Авария управления
2:19:39 | Микроклимат 501 3 | Авария управления
2:20:39 | Микроклимат 501 3 | Авария управления
2:21:39 | Микроклимат 501 3 | Авария управления
2:22:39 | Микроклимат 501 3 | Авария управления
2:23:39 | Микроклимат 501 3 | Авария управления
2:24:39 | Микроклимат 501 3 | Авария управления
2:25:39 | Микроклимат 501 3 | Авария управления
2:26:45 | Микроклимат 501 3 | Авария управления
2:27:39 | Микроклимат 501 3 | Авария управления
2:28:39 | Микроклимат 501 3 | Авария управления
2:29:39 | Микроклимат 501 3 | Авария управления
2:30:39 | Микроклимат 501 3 | Авария управления
2:31:39 | Микроклимат 501 3 | Авария управления
2:32:45 | Микроклимат 501 3 | Авария управления
2:33:39 | Микроклимат 501 3 | Авария управления
2:34:39 | Микроклимат 501 3 | Авария управления
2:35:39 | Микроклимат 501 3 | Авария управления
2:36:39 | Микроклимат 501 3 | Авария управления
2:37:39 | Микроклимат 501 3 | Авария управления
2:38:39 | Микроклимат 501 3 | Авария управления
2:39:39 | Микроклимат 501 3 | Авария управления
2:40:45 | Микроклимат 501 3 | Авария управления
2:41:39 | Микроклимат 501 3 | Авария управления
2:42:39 | Микроклимат 501 3 | Авария управления
2:43:45 | Микроклимат 501 3 | Авария управления
2:44:39 | Микроклимат 501 3 | Авария управления
2:45:39 | Микроклимат 501 3 | Авария управления
2:46:39 | Микроклимат 501 3 | Авария управления
2:47:39 | Микроклимат 501 3 | Авария управления
2:48:39 | Микроклимат 501 3 | Авария управления
2:49:39 | Микроклимат 501 3 | Авария управления
2:50:39 | Микроклимат 501 3 | Авария управления
2:51:39 | Микроклимат 501 3 | Авария управления
2:52:39 | Микроклимат 501 3 | Авария управления
2:53:39 | Микроклимат 501 3 | Авария управления
2:54:39 | Микроклимат 501 3 | Авария управления
2:55:39 | Микроклимат 501 3 | Авария управления
2:56:39 | Микроклимат 501 3 | Авария управления
2:57:39 | Микроклимат 501 3 | Авария управления
2:58:39 | Микроклимат 501 3 | Авария управления
2:59:39 | Микроклимат 501 3 | Авария управления
3:00:39 | Микроклимат 501 3 | Авария управления
3:01:40 | Микроклимат 501 3 | Авария управления
3:02:39 | Микроклимат 501 3 | Авария управления
3:03:39 | Микроклимат 501 3 | Авария управления
3:04:39 | Микроклимат 501 3 | Авария управления
3:05:39 | Микроклимат 501 3 | Авария управления
3:06:39 | Микроклимат 501 3 | Авария управления
3:07:39 | Микроклимат 501 3 | Авария управления
3:08:39 | Микроклимат 501 3 | Авария управления
3:09:39 | Микроклимат 501 3 | Авария управления
3:10:39 | Микроклимат 501 3 | Авария управления
3:11:39 | Микроклимат 501 3 | Авария управления
3:12:39 | Микроклимат 501 3 | Авария управления
3:13:39 | Микроклимат 501 3 | Авария управления
3:14:39 | Микроклимат 501 3 | Авария управления
3:15:39 | Микроклимат 501 3 | Авария управления
3:16:39 | Микроклимат 501 3 | Авария управления
3:17:39 | Микроклимат 501 3 | Авария управления
3:18:39 | Микроклимат 501 3 | Авария управления
3:19:39 | Микроклимат 501 3 | Авария управления
3:20:39 | Микроклимат 501 3 | Авария управления
3:21:39 | Микроклимат 501 3 | Авария управления
3:22:39 | Микроклимат 501 3 | Авария управления
3:23:39 | Микроклимат 501 3 | Авария управления
3:24:45 | Микроклимат 501 3 | Авария управления
3:25:39 | Микроклимат 501 3 | Авария управления
3:26:39 | Микроклимат 501 3 | Авария управления
3:27:39 | Микроклимат 501 3 | Авария управления
3:28:39 | Микроклимат 501 3 | Авария управления
3:29:39 | Микроклимат 501 3 | Авария управления
3:30:39 | Микроклимат 501 3 | Авария управления
3:31:39 | Микроклимат 501 3 | Авария управления
3:32:39 | Микроклимат 501 3 | Авария управления
3:33:39 | Микроклимат 501 3 | Авария управления
3:34:39 | Микроклимат 501 3 | Авария управления
3:35:39 | Микроклимат 501 3 | Авария управления
3:36:39 | Микроклимат 501 3 | Авария управления
3:37:39 | Микроклимат 501 3 | Авария управления
3:38:39 | Микроклимат 501 3 | Авария управления
3:39:39 | Микроклимат 501 3 | Авария управления
3:40:39 | Микроклимат 501 3 | Авария управления
3:41:39 | Микроклимат 501 3 | Авария управления
3:42:39 | Микроклимат 501 3 | Авария управления
3:43:39 | Микроклимат 501 3 | Авария управления
3:44:39 | Микроклимат 501 3 | Авария управления
3:45:39 | Микроклимат 501 3 | Авария управления
3:46:39 | Микроклимат 501 3 | Авария управления
3:47:39 | Микроклимат 501 3 | Авария управления
3:48:39 | Микроклимат 501 3 | Авария управления
3:49:45 | Микроклимат 501 3 | Авария управления
3:50:39 | Микроклимат 501 3 | Авария управления
3:51:39 | Микроклимат 501 3 | Авария управления
3:52:39 | Микроклимат 501 3 | Авария управления
3:53:39 | Микроклимат 501 3 | Авария управления
3:54:39 | Микроклимат 501 3 | Авария управления
3:55:39 | Микроклимат 501 3 | Авария управления
3:56:39 | Микроклимат 501 3 | Авария управления
3:57:39 | Микроклимат 501 3 | Авария управления
3:58:39 | Микроклимат 501 3 | Авария управления
3:59:39 | Микроклимат 501 3 | Авария управления
4:00:39 | Микроклимат 501 3 | Авария управления
4:01:39 | Микроклимат 501 3 | Авария управления
4:02:39 | Микроклимат 501 3 | Авария управления
4:03:39 | Микроклимат 501 3 | Авария управления
4:04:39 | Микроклимат 501 3 | Авария управления
4:05:39 | Микроклимат 501 3 | Авария управления
4:06:45 | Микроклимат 501 3 | Авария управления
4:07:39 | Микроклимат 501 3 | Авария управления
4:08:39 | Микроклимат 501 3 | Авария управления
4:09:45 | Микроклимат 501 3 | Авария управления
4:10:40 | Микроклимат 501 3 | Авария управления
4:11:39 | Микроклимат 501 3 | Авария управления
4:12:39 | Микроклимат 501 3 | Авария управления
4:13:39 | Микроклимат 501 3 | Авария управления
4:14:39 | Микроклимат 501 3 | Авария управления
4:15:39 | Микроклимат 501 3 | Авария управления
4:16:39 | Микроклимат 501 3 | Авария управления
4:17:39 | Микроклимат 501 3 | Авария управления
4:18:39 | Микроклимат 501 3 | Авария управления
4:19:45 | Микроклимат 501 3 | Авария управления
4:20:39 | Микроклимат 501 3 | Авария управления
4:21:39 | Микроклимат 501 3 | Авария управления
4:22:39 | Микроклимат 501 3 | Авария управления
4:23:39 | Микроклимат 501 3 | Авария управления
4:24:45 | Микроклимат 501 3 | Авария управления
4:25:39 | Микроклимат 501 3 | Авария управления
4:26:39 | Микроклимат 501 3 | Авария управления
4:27:39 | Микроклимат 501 3 | Авария управления
4:28:39 | Микроклимат 501 3 | Авария управления
4:29:39 | Микроклимат 501 3 | Авария управления
4:30:39 | Микроклимат 501 3 | Авария управления
4:31:39 | Микроклимат 501 3 | Авария управления
4:32:39 | Микроклимат 501 3 | Авария управления
4:33:39 | Микроклимат 501 3 | Авария управления
4:34:39 | Микроклимат 501 3 | Авария управления
4:35:39 | Микроклимат 501 3 | Авария управления
4:36:39 | Микроклимат 501 3 | Авария управления
4:37:39 | Микроклимат 501 3 | Авария управления
4:38:39 | Микроклимат 501 3 | Авария управления
4:39:39 | Микроклимат 501 3 | Авария управления
4:40:39 | Микроклимат 501 3 | Авария управления
4:41:39 | Микроклимат 501 3 | Авария управления
4:42:39 | Микроклимат 501 3 | Авария управления
4:43:45 | Микроклимат 501 3 | Авария управления
4:44:39 | Микроклимат 501 3 | Авария управления
4:45:39 | Микроклимат 501 3 | Авария управления
4:46:39 | Микроклимат 501 3 | Авария управления
4:47:39 | Микроклимат 501 3 | Авария управления
4:48:39 | Микроклимат 501 3 | Авария управления
4:49:39 | Микроклимат 501 3 | Авария управления
4:50:45 | Микроклимат 501 3 | Авария управления
4:51:39 | Микроклимат 501 3 | Авария управления
4:52:39 | Микроклимат 501 3 | Авария управления
4:53:39 | Микроклимат 501 3 | Авария управления
4:54:45 | Микроклимат 501 3 | Авария управления
4:55:39 | Микроклимат 501 3 | Авария управления
4:56:39 | Микроклимат 501 3 | Авария управления
4:57:45 | Микроклимат 501 3 | Авария управления
4:58:45 | Микроклимат 501 3 | Авария управления
4:59:39 | Микроклимат 501 3 | Авария управления
5:00:39 | Микроклимат 501 3 | Авария управления
5:01:39 | Микроклимат 501 3 | Авария управления
5:02:39 | Микроклимат 501 3 | Авария управления
5:03:39 | Микроклимат 501 3 | Авария управления
5:04:39 | Микроклимат 501 3 | Авария управления
5:05:39 | Микроклимат 501 3 | Авария управления
5:06:39 | Микроклимат 501 3 | Авария управления
5:07:39 | Микроклимат 501 3 | Авария управления
5:08:39 | Микроклимат 501 3 | Авария управления
5:09:39 | Микроклимат 501 3 | Авария управления
5:10:39 | Микроклимат 501 3 | Авария управления
5:11:39 | Микроклимат 501 3 | Авария управления
5:12:39 | Микроклимат 501 3 | Авария управления
5:13:45 | Микроклимат 501 3 | Авария управления
5:14:39 | Микроклимат 501 3 | Авария управления
5:15:39 | Микроклимат 501 3 | Авария управления
5:16:39 | Микроклимат 501 3 | Авария управления
5:17:39 | Микроклимат 501 3 | Авария управления
5:18:39 | Микроклимат 501 3 | Авария управления
5:19:45 | Микроклимат 501 3 | Авария управления
5:20:45 | Микроклимат 501 3 | Авария управления
5:21:39 | Микроклимат 501 3 | Авария управления
5:22:39 | Микроклимат 501 3 | Авария управления
5:23:45 | Микроклимат 501 3 | Авария управления
5:24:39 | Микроклимат 501 3 | Авария управления
5:25:39 | Микроклимат 501 3 | Авария управления
5:26:39 | Микроклимат 501 3 | Авария управления
5:27:39 | Микроклимат 501 3 | Авария управления
5:28:45 | Микроклимат 501 3 | Авария управления
5:29:39 | Микроклимат 501 3 | Авария управления
5:30:39 | Микроклимат 501 3 | Авария управления
5:31:39 | Микроклимат 501 3 | Авария управления
5:32:39 | Микроклимат 501 3 | Авария управления
5:33:39 | Микроклимат 501 3 | Авария управления
5:34:39 | Микроклимат 501 3 | Авария управления
5:35:39 | Микроклимат 501 3 | Авария управления
5:36:39 | Микроклимат 501 3 | Авария управления
5:37:39 | Микроклимат 501 3 | Авария управления
5:38:39 | Микроклимат 501 3 | Авария управления
5:39:39 | Микроклимат 501 3 | Авария управления
5:40:39 | Микроклимат 501 3 | Авария управления
5:41:39 | Микроклимат 501 3 | Авария управления
5:42:39 | Микроклимат 501 3 | Авария управления
5:43:39 | Микроклимат 501 3 | Авария управления
5:44:39 | Микроклимат 501 3 | Авария управления
5:45:39 | Микроклимат 501 3 | Авария управления
5:46:39 | Микроклимат 501 3 | Авария управления
5:47:39 | Микроклимат 501 3 | Авария управления
5:48:39 | Микроклимат 501 3 | Авария управления
5:49:39 | Микроклимат 501 3 | Авария управления
5:50:39 | Микроклимат 501 3 | Авария управления
5:51:45 | Микроклимат 501 3 | Авария управления
5:52:39 | Микроклимат 501 3 | Авария управления
5:53:40 | Микроклимат 501 3 | Авария управления
5:54:39 | Микроклимат 501 3 | Авария управления
5:55:39 | Микроклимат 501 3 | Авария управления
5:56:39 | Микроклимат 501 3 | Авария управления
5:57:45 | Микроклимат 501 3 | Авария управления
5:58:45 | Микроклимат 501 3 | Авария управления
5:59:39 | Микроклимат 501 3 | Авария управления
6:00:39 | Микроклимат 501 3 | Авария управления
6:01:45 | Микроклимат 501 3 | Авария управления
6:02:39 | Микроклимат 501 3 | Авария управления
6:03:39 | Микроклимат 501 3 | Авария управления
6:04:39 | Микроклимат 501 3 | Авария управления
6:05:39 | Микроклимат 501 3 | Авария управления
6:06:39 | Микроклимат 501 3 | Авария управления
6:07:39 | Микроклимат 501 3 | Авария управления
6:08:39 | Микроклимат 501 3 | Авария управления
6:09:39 | Микроклимат 501 3 | Авария управления
6:10:39 | Микроклимат 501 3 | Авария управления
6:11:39 | Микроклимат 501 3 | Авария управления
6:12:45 | Микроклимат 501 3 | Авария управления
6:13:39 | Микроклимат 501 3 | Авария управления
6:14:39 | Микроклимат 501 3 | Авария управления
6:15:39 | Микроклимат 501 3 | Авария управления
6:16:39 | Микроклимат 501 3 | Авария управления
6:17:39 | Микроклимат 501 3 | Авария управления
6:18:39 | Микроклимат 501 3 | Авария управления
6:19:39 | Микроклимат 501 3 | Авария управления
6:20:39 | Микроклимат 501 3 | Авария управления
6:21:39 | Микроклимат 501 3 | Авария управления
6:22:39 | Микроклимат 501 3 | Авария управления
6:23:39 | Микроклимат 501 3 | Авария управления
6:24:39 | Микроклимат 501 3 | Авария управления
6:25:45 | Микроклимат 501 3 | Авария управления
6:26:39 | Микроклимат 501 3 | Авария управления
6:27:39 | Микроклимат 501 3 | Авария управления
6:28:40 | Микроклимат 501 3 | Авария управления
6:29:39 | Микроклимат 501 3 | Авария управления
6:30:39 | Микроклимат 501 3 | Авария управления
6:31:39 | Микроклимат 501 3 | Авария управления
6:32:39 | Микроклимат 501 3 | Авария управления
6:33:39 | Микроклимат 501 3 | Авария управления
6:34:39 | Микроклимат 501 3 | Авария управления
6:35:39 | Микроклимат 501 3 | Авария управления
6:36:39 | Микроклимат 501 3 | Авария управления
6:37:39 | Микроклимат 501 3 | Авария управления
6:38:39 | Микроклимат 501 3 | Авария управления
6:39:39 | Микроклимат 501 3 | Авария управления
6:40:45 | Микроклимат 501 3 | Авария управления
6:41:39 | Микроклимат 501 3 | Авария управления
6:42:39 | Микроклимат 501 3 | Авария управления
6:43:39 | Микроклимат 501 3 | Авария управления
6:44:45 | Микроклимат 501 3 | Авария управления
6:45:39 | Микроклимат 501 3 | Авария управления
6:46:39 | Микроклимат 501 3 | Авария управления
6:47:45 | Микроклимат 501 3 | Авария управления
6:48:39 | Микроклимат 501 3 | Авария управления
6:49:39 | Микроклимат 501 3 | Авария управления
6:50:39 | Микроклимат 501 3 | Авария управления
6:51:45 | Микроклимат 501 3 | Авария управления
6:52:39 | Микроклимат 501 3 | Авария управления
6:53:39 | Микроклимат 501 3 | Авария управления
6:54:39 | Микроклимат 501 3 | Авария управления
6:55:45 | Микроклимат 501 3 | Авария управления
6:56:39 | Микроклимат 501 3 | Авария управления
6:57:39 | Микроклимат 501 3 | Авария управления
6:58:39 | Микроклимат 501 3 | Авария управления
6:59:39 | Микроклимат 501 3 | Авария управления
7:00:39 | Микроклимат 501 3 | Авария управления
7:01:45 | Микроклимат 501 3 | Авария управления
7:02:39 | Микроклимат 501 3 | Авария управления
7:03:39 | Микроклимат 501 3 | Авария управления
7:04:39 | Микроклимат 501 3 | Авария управления
7:05:39 | Микроклимат 501 3 | Авария управления
7:06:45 | Микроклимат 501 3 | Авария управления
7:07:39 | Микроклимат 501 3 | Авария управления
7:08:39 | Микроклимат 501 3 | Авария управления
7:09:39 | Микроклимат 501 3 | Авария управления
7:10:39 | Микроклимат 501 3 | Авария управления
7:11:45 | Микроклимат 501 3 | Авария управления
7:12:39 | Микроклимат 501 3 | Авария управления
7:13:39 | Микроклимат 501 3 | Авария управления
7:14:39 | Микроклимат 501 3 | Авария управления
7:15:39 | Микроклимат 501 3 | Авария управления
7:16:39 | Микроклимат 501 3 | Авария управления
7:17:45 | Микроклимат 501 3 | Авария управления
7:18:45 | Микроклимат 501 3 | Авария управления
7:19:39 | Микроклимат 501 3 | Авария управления
7:20:39 | Микроклимат 501 3 | Авария управления
7:21:39 | Микроклимат 501 3 | Авария управления
7:22:39 | Микроклимат 501 3 | Авария управления
7:23:39 | Микроклимат 501 3 | Авария управления
7:24:39 | Микроклимат 501 3 | Авария управления
7:25:45 | Микроклимат 501 3 | Авария управления
7:26:39 | Микроклимат 501 3 | Авария управления
7:27:39 | Микроклимат 501 3 | Авария управления
7:28:39 | Микроклимат 501 3 | Авария управления
7:29:45 | Микроклимат 501 3 | Авария управления
7:30:39 | Микроклимат 501 3 | Авария управления
7:31:39 | Микроклимат 501 3 | Авария управления
7:32:39 | Микроклимат 501 3 | Авария управления
7:33:39 | Микроклимат 501 3 | Авария управления
7:34:39 | Микроклимат 501 3 | Авария управления
7:35:45 | Микроклимат 501 3 | Авария управления
7:36:45 | Микроклимат 501 3 | Авария управления
7:37:40 | Микроклимат 501 3 | Авария управления
7:38:39 | Микроклимат 501 3 | Авария управления
7:39:39 | Микроклимат 501 3 | Авария управления
7:40:45 | Микроклимат 501 3 | Авария управления
7:41:39 | Микроклимат 501 3 | Авария управления
7:42:39 | Микроклимат 501 3 | Авария управления
7:43:39 | Микроклимат 501 3 | Авария управления
7:44:39 | Микроклимат 501 3 | Авария управления
7:45:39 | Микроклимат 501 3 | Авария управления
7:46:39 | Микроклимат 501 3 | Авария управления
7:47:39 | Микроклимат 501 3 | Авария управления
7:48:45 | Микроклимат 501 3 | Авария управления
7:49:39 | Микроклимат 501 3 | Авария управления
7:50:39 | Микроклимат 501 3 | Авария управления
7:51:39 | Микроклимат 501 3 | Авария управления
7:52:39 | Микроклимат 501 3 | Авария управления
7:53:39 | Микроклимат 501 3 | Авария управления
7:54:45 | Микроклимат 501 3 | Авария управления
7:55:45 | Микроклимат 501 3 | Авария управления
7:56:39 | Микроклимат 501 3 | Авария управления
7:57:39 | Микроклимат 501 3 | Авария управления
7:58:39 | Микроклимат 501 3 | Авария управления
7:59:45 | Микроклимат 501 3 | Авария управления
8:00:39 | Микроклимат 501 3 | Авария управления
8:01:39 | Микроклимат 501 3 | Авария управления
8:02:45 | Микроклимат 501 3 | Авария управления
8:03:45 | Микроклимат 501 3 | Авария управления
8:04:39 | Микроклимат 501 3 | Авария управления
8:05:39 | Микроклимат 501 3 | Авария управления
8:06:39 | Микроклимат 501 3 | Авария управления
8:07:39 | Микроклимат 501 3 | Авария управления
8:08:39 | Микроклимат 501 3 | Авария управления
8:09:39 | Микроклимат 501 3 | Авария управления
8:10:39 | Микроклимат 501 3 | Авария управления
8:11:39 | Микроклимат 501 3 | Авария управления
8:12:39 | Микроклимат 501 3 | Авария управления
8:13:39 | Микроклимат 501 3 | Авария управления
8:14:39 | Микроклимат 501 3 | Авария управления
8:15:39 | Микроклимат 501 3 | Авария управления
8:16:39 | Микроклимат 501 3 | Авария управления
8:17:39 | Микроклимат 501 3 | Авария управления
8:18:45 | Микроклимат 501 3 | Авария управления
8:19:39 | Микроклимат 501 3 | Авария управления
8:20:39 | Микроклимат 501 3 | Авария управления
8:21:39 | Микроклимат 501 3 | Авария управления
8:22:45 | Микроклимат 501 3 | Авария управления
8:23:39 | Микроклимат 501 3 | Авария управления
8:24:39 | Микроклимат 501 3 | Авария управления
8:25:39 | Микроклимат 501 3 | Авария управления
8:26:39 | Микроклимат 501 3 | Авария управления
8:27:39 | Микроклимат 501 3 | Авария управления
8:28:45 | Микроклимат 501 3 | Авария управления
8:29:39 | Микроклимат 501 3 | Авария управления
8:30:39 | Микроклимат 501 3 | Авария управления
8:31:39 | Микроклимат 501 3 | Авария управления
8:32:39 | Микроклимат 501 3 | Авария управления
8:33:39 | Микроклимат 501 3 | Авария управления
8:34:39 | Микроклимат 501 3 | Авария управления
8:35:39 | Микроклимат 501 3 | Авария управления
8:36:39 | Микроклимат 501 3 | Авария управления
8:37:45 | Микроклимат 501 3 | Авария управления
8:38:39 | Микроклимат 501 3 | Авария управления
8:39:39 | Микроклимат 501 3 | Авария управления
8:40:45 | Микроклимат 501 3 | Авария управления
8:41:45 | Микроклимат 501 3 | Авария управления
8:42:39 | Микроклимат 501 3 | Авария управления
8:43:39 | Микроклимат 501 3 | Авария управления
8:44:39 | Микроклимат 501 3 | Авария управления
8:45:39 | Микроклимат 501 3 | Авария управления
8:46:40 | Микроклимат 501 3 | Авария управления
8:47:39 | Микроклимат 501 3 | Авария управления
8:48:39 | Микроклимат 501 3 | Авария управления
8:49:45 | Микроклимат 501 3 | Авария управления
8:50:39 | Микроклимат 501 3 | Авария управления
8:51:40 | Микроклимат 501 3 | Авария управления
8:52:39 | Микроклимат 501 3 | Авария управления
8:53:39 | Микроклимат 501 3 | Авария управления
8:54:39 | Микроклимат 501 3 | Авария управления
8:55:45 | Микроклимат 501 3 | Авария управления
8:56:39 | Микроклимат 501 3 | Авария управления
8:57:39 | Микроклимат 501 3 | Авария управления
8:58:39 | Микроклимат 501 3 | Авария управления
8:59:39 | Микроклимат 501 3 | Авария управления
9:00:39 | Микроклимат 501 3 | Авария управления
9:01:45 | Микроклимат 501 3 | Авария управления
9:02:39 | Микроклимат 501 3 | Авария управления
9:03:39 | Микроклимат 501 3 | Авария управления
9:04:39 | Микроклимат 501 3 | Авария управления
9:05:45 | Микроклимат 501 3 | Авария управления
9:06:39 | Микроклимат 501 3 | Авария управления
9:07:39 | Микроклимат 501 3 | Авария управления
9:08:39 | Микроклимат 501 3 | Авария управления
9:09:45 | Микроклимат 501 3 | Авария управления
9:10:39 | Микроклимат 501 3 | Авария управления
9:11:39 | Микроклимат 501 3 | Авария управления
9:12:39 | Микроклимат 501 3 | Авария управления
9:13:39 | Микроклимат 501 3 | Авария управления
9:14:39 | Микроклимат 501 3 | Авария управления
9:15:39 | Микроклимат 501 3 | Авария управления
9:16:39 | Микроклимат 501 3 | Авария управления
9:17:39 | Микроклимат 501 3 | Авария управления
9:18:39 | Микроклимат 501 3 | Авария управления
9:19:39 | Микроклимат 501 3 | Авария управления
9:20:39 | Микроклимат 501 3 | Авария управления
9:21:39 | Микроклимат 501 3 | Авария управления
9:22:45 | Микроклимат 501 3 | Авария управления
9:23:39 | Микроклимат 501 3 | Авария управления
9:24:39 | Микроклимат 501 3 | Авария управления
9:25:45 | Микроклимат 501 3 | Авария управления
9:26:39 | Микроклимат 501 3 | Авария управления
9:27:39 | Микроклимат 501 3 | Авария управления
9:28:45 | Микроклимат 501 3 | Авария управления
9:29:40 | Микроклимат 501 3 | Авария управления
9:29:51 | MAX-FITO | Закрыт
9:38:33 | MAX-FITO | Стартовал
9:39:48 | Микроклимат 501 3 | Авария управления
9:40:30 | MAX-FITO | Закрыт
9:41:35 | MAX-FITO | Стартовал
9:42:36 | Микроклимат 501 3 | Авария управления
9:43:36 | Микроклимат 501 3 | Авария управления
9:44:35 | Микроклимат 501 3 | Авария управления
9:45:35 | Микроклимат 501 3 | Авария управления
9:46:38 | Микроклимат 501 3 | Обратить внимание
9:46:54 | MAX-FITO | Закрыт
10:33:35 | MAX-FITO | Стартовал
10:34:12 | MAX-FITO | Закрыт
10:36:56 | MAX-FITO | Стартовал
10:37:02 | MAX-FITO | Закрыт
10:45:05 | MAX-FITO | Стартовал
10:46:05 | Микроклимат 501 3 | Обратить внимание
11:24:47 | Микроклимат 501 3 | Состояние климата - 192.168.1.244:2012-Обменов2 Попытка установить соединение была безуспешной, т.к. от другого компьютера за требуемое время не получен нужный отклик, или было разорвано уже установленное соединение из-за неверного отклика уже подключенного компьютера
11:24:47 | Микроклимат 501 3 | Нет приема данных
11:25:05 | Микроклимат 501 3 | Обратить внимание
11:26:47 | Микроклимат 501 3 | Состояние климата - 192.168.1.244:2012-Обменов2 Попытка установить соединение была безуспешной, т.к. от другого компьютера за требуемое время не получен нужный отклик, или было разорвано уже установленное соединение из-за неверного отклика уже подключенного компьютера
11:26:47 | Микроклимат 501 3 | Нет приема данных
11:27:47 | Микроклимат 501 3 | Нет приема данных
11:28:47 | Микроклимат 501 3 | Нет приема данных
11:29:27 | Микроклимат 501 3 | Обратить внимание
11:31:47 | Микроклимат 501 3 | Состояние климата - 192.168.1.244:2012-Обменов2 Попытка установить соединение была безуспешной, т.к. от другого компьютера за требуемое время не получен нужный отклик, или было разорвано уже установленное соединение из-за неверного отклика уже подключенного компьютера
11:31:47 | Микроклимат 501 3 | Нет приема данных
11:32:05 | Микроклимат 501 3 | Обратить внимание
12:17:47 | Микроклимат 501 3 | Состояние климата - 192.168.1.244:2012-Обменов2 Попытка установить соединение была безуспешной, т.к. от другого компьютера за требуемое время не получен нужный отклик, или было разорвано уже установленное соединение из-за неверного отклика уже подключенного компьютера
12:17:47 | Микроклимат 501 3 | Нет приема данных
12:18:47 | Микроклимат 501 3 | Нет приема данных
12:19:27 | Микроклимат 501 3 | Обратить внимание
12:28:47 | Микроклимат 501 3 | Состояние климата - 192.168.1.244:2012-Обменов2 Попытка установить соединение была безуспешной, т.к. от другого компьютера за требуемое время не получен нужный отклик, или было разорвано уже установленное соединение из-за неверного отклика уже подключенного компьютера
12:28:47 | Микроклимат 501 3 | Нет приема данных
12:29:47 | Микроклимат 501 3 | Нет приема данных
12:30:27 | Микроклимат 501 3 | Обратить внимание
12:35:07 | MAX-FITO | Стартовал
12:36:07 | Микроклимат 501 3 | Обратить внимание
12:45:45 | MAX-FITO | Закрыт
16:11:30 | MAX-FITO | Стартовал
16:12:52 | Микроклимат 501 3 | Обратить внимание
16:23:33 | Микроклимат 501 3 | Состояние климата - 192.168.1.244:2012-Обменов2 Сделана попытка выполнить операцию на объекте, не являющемся сокетом
16:24:16 | Микроклимат 501 3 | Нет приема данных
16:25:12 | Микроклимат 501 3 | Состояние климата - 192.168.1.244:2012-Обменов2 Попытка установить соединение была безуспешной, т.к. от другого компьютера за требуемое время не получен нужный отклик, или было разорвано уже установленное соединение из-за неверного отклика уже подключенного компьютера
16:27:30 | MAX-FITO | Стартовал
16:28:30 | Микроклимат 501 3 | Обратить внимание
16:36:12 | Микроклимат 501 3 | Состояние климата - 192.168.1.244:2012-Обменов2 Попытка установить соединение была безуспешной, т.к. от другого компьютера за требуемое время не получен нужный отклик, или было разорвано уже установленное соединение из-за неверного отклика уже подключенного компьютера
16:36:12 | Микроклимат 501 3 | Нет приема данных
16:36:51 | Микроклимат 501 3 | Обратить внимание
16:46:09 | УльтраКлима 501-Ultra | Демо режим
16:46:30 | Микроклимат 501 3 | Управляет
16:46:49 | Микроклимат 501 Ultra | Управляет
16:47:07 | MAX-FITO | Закрыт
16:47:42 | MAX-FITO | Стартовал
16:47:47 | Микроклимат 501 3 | Управляет
16:48:43 | Микроклимат 501 Ultra | Управляет
16:51:31 | MAX-FITO | Закрыт
16:52:33 | MAX-FITO | Стартовал
16:52:38 | Микроклимат 501 3 | Управляет
17:20:41 | Метео MAX-FITO | Принимает
17:26:43 | Микроклимат 501 3 | Авария управления
17:27:44 | Микроклимат 501 3 | Управляет
17:28:39 | Микроклимат 501 3 | Обратить внимание
17:30:41 | Метео MAX-FITO | Нет данных
17:31:41 | Метео MAX-FITO | Нет данных
17:32:31 | MAX-FITO | Закрыт
