23:58:26 | Метео-New | Нет данных
23:59:26 | Метео-New | Нет данных
0:00:26 | Метео-New | Нет данных
0:01:26 | Метео-New | Нет данных
0:02:26 | Метео-New | Принимает
0:40:26 | Метео-New | Нет данных
0:41:26 | Метео-New | Нет данных
0:42:26 | Метео-New | Нет данных
0:43:26 | Метео-New | Нет данных
0:44:26 | Метео-New | Нет данных
0:45:26 | Метео-New | Нет данных
0:46:26 | Метео-New | Нет данных
0:47:26 | Метео-New | Нет данных
0:48:26 | Метео-New | Нет данных
0:49:26 | Метео-New | Нет данных
0:50:26 | Метео-New | Нет данных
0:51:26 | Метео-New | Нет данных
0:52:26 | Метео-New | Нет данных
0:53:26 | Метео-New | Нет данных
0:54:26 | Метео-New | Нет данных
0:55:26 | Метео-New | Нет данных
0:56:26 | Метео-New | Нет данных
0:57:26 | Метео-New | Нет данных
0:58:26 | Метео-New | Нет данных
0:59:26 | Метео-New | Нет данных
1:00:26 | Метео-New | Нет данных
1:01:26 | Метео-New | Нет данных
1:02:26 | Метео-New | Нет данных
1:03:26 | Метео-New | Нет данных
1:04:26 | Метео-New | Нет данных
1:05:26 | Метео-New | Нет данных
1:06:26 | Метео-New | Нет данных
1:07:26 | Метео-New | Нет данных
1:08:26 | Метео-New | Нет данных
1:09:26 | Метео-New | Нет данных
1:10:26 | Метео-New | Нет данных
1:11:26 | Метео-New | Нет данных
1:12:26 | Метео-New | Нет данных
1:13:26 | Метео-New | Нет данных
1:14:26 | Метео-New | Нет данных
1:15:26 | Метео-New | Нет данных
1:16:26 | Метео-New | Нет данных
1:17:26 | Метео-New | Нет данных
1:18:26 | Метео-New | Нет данных
1:19:26 | Метео-New | Нет данных
1:20:26 | Метео-New | Нет данных
1:21:26 | Метео-New | Нет данных
1:22:26 | Метео-New | Нет данных
1:23:26 | Метео-New | Нет данных
1:24:26 | Метео-New | Нет данных
1:25:26 | Метео-New | Нет данных
1:26:26 | Метео-New | Нет данных
1:27:26 | Метео-New | Нет данных
1:28:26 | Метео-New | Нет данных
1:29:26 | Метео-New | Нет данных
1:30:26 | Метео-New | Нет данных
1:31:26 | Метео-New | Нет данных
1:32:26 | Метео-New | Нет данных
1:33:26 | Метео-New | Нет данных
1:34:26 | Метео-New | Нет данных
1:35:26 | Метео-New | Нет данных
1:36:26 | Метео-New | Нет данных
1:37:26 | Метео-New | Нет данных
1:38:26 | Метео-New | Нет данных
1:39:26 | Метео-New | Нет данных
1:40:26 | Метео-New | Нет данных
1:41:26 | Метео-New | Нет данных
1:42:26 | Метео-New | Нет данных
1:43:26 | Метео-New | Нет данных
1:44:26 | Метео-New | Нет данных
1:45:26 | Метео-New | Нет данных
1:46:26 | Метео-New | Нет данных
1:47:26 | Метео-New | Нет данных
1:48:26 | Метео-New | Нет данных
1:49:26 | Метео-New | Нет данных
1:50:26 | Метео-New | Нет данных
1:51:26 | Метео-New | Нет данных
1:52:26 | Метео-New | Нет данных
1:53:26 | Метео-New | Нет данных
1:54:26 | Метео-New | Нет данных
1:55:26 | Метео-New | Нет данных
1:56:26 | Метео-New | Нет данных
1:57:26 | Метео-New | Нет данных
1:58:26 | Метео-New | Нет данных
1:59:26 | Метео-New | Нет данных
2:00:26 | Метео-New | Нет данных
2:01:26 | Метео-New | Нет данных
2:02:26 | Метео-New | Нет данных
2:03:26 | Метео-New | Нет данных
2:04:26 | Метео-New | Нет данных
2:05:26 | Метео-New | Нет данных
2:06:26 | Метео-New | Нет данных
2:07:26 | Метео-New | Нет данных
2:08:26 | Метео-New | Нет данных
2:09:26 | Метео-New | Нет данных
2:10:26 | Метео-New | Нет данных
2:11:26 | Метео-New | Нет данных
2:12:26 | Метео-New | Нет данных
2:13:26 | Метео-New | Нет данных
2:14:26 | Метео-New | Нет данных
2:15:26 | Метео-New | Нет данных
2:16:26 | Метео-New | Нет данных
2:17:26 | Метео-New | Нет данных
2:18:26 | Метео-New | Нет данных
2:19:26 | Метео-New | Нет данных
2:20:26 | Метео-New | Нет данных
2:21:26 | Метео-New | Нет данных
2:22:26 | Метео-New | Нет данных
2:23:26 | Метео-New | Нет данных
2:24:26 | Метео-New | Нет данных
2:25:26 | Метео-New | Нет данных
2:26:26 | Метео-New | Нет данных
2:27:26 | Метео-New | Нет данных
2:28:26 | Метео-New | Нет данных
2:29:26 | Метео-New | Нет данных
2:30:26 | Метео-New | Нет данных
2:31:26 | Метео-New | Нет данных
2:32:26 | Метео-New | Нет данных
2:33:26 | Метео-New | Нет данных
2:34:26 | Метео-New | Нет данных
2:35:26 | Метео-New | Нет данных
2:36:26 | Метео-New | Нет данных
2:37:26 | Метео-New | Нет данных
2:38:26 | Метео-New | Нет данных
2:39:26 | Метео-New | Нет данных
2:40:26 | Метео-New | Нет данных
2:41:26 | Метео-New | Нет данных
2:42:26 | Метео-New | Нет данных
2:43:26 | Метео-New | Нет данных
2:44:26 | Метео-New | Нет данных
2:45:26 | Метео-New | Нет данных
2:46:26 | Метео-New | Нет данных
2:47:26 | Метео-New | Нет данных
2:48:26 | Метео-New | Нет данных
2:49:26 | Метео-New | Нет данных
2:50:26 | Метео-New | Нет данных
2:51:26 | Метео-New | Нет данных
2:52:26 | Метео-New | Нет данных
2:53:26 | Метео-New | Нет данных
2:54:26 | Метео-New | Нет данных
2:55:26 | Метео-New | Нет данных
2:56:26 | Метео-New | Нет данных
2:57:26 | Метео-New | Нет данных
2:58:26 | Метео-New | Нет данных
2:59:26 | Метео-New | Нет данных
3:00:26 | Метео-New | Нет данных
3:01:26 | Метео-New | Нет данных
3:02:26 | Метео-New | Нет данных
3:03:26 | Метео-New | Нет данных
3:04:26 | Метео-New | Нет данных
3:05:26 | Метео-New | Нет данных
3:06:26 | Метео-New | Нет данных
3:07:26 | Метео-New | Нет данных
3:08:26 | Метео-New | Нет данных
3:09:26 | Метео-New | Нет данных
3:10:26 | Метео-New | Нет данных
3:11:26 | Метео-New | Нет данных
3:12:26 | Метео-New | Нет данных
3:13:26 | Метео-New | Нет данных
3:14:26 | Метео-New | Нет данных
3:15:26 | Метео-New | Нет данных
3:16:26 | Метео-New | Нет данных
3:17:26 | Метео-New | Нет данных
3:18:26 | Метео-New | Нет данных
3:19:26 | Метео-New | Нет данных
3:20:26 | Метео-New | Нет данных
3:21:26 | Метео-New | Нет данных
3:22:26 | Метео-New | Нет данных
3:23:26 | Метео-New | Нет данных
3:24:26 | Метео-New | Нет данных
3:25:26 | Метео-New | Нет данных
3:26:26 | Метео-New | Нет данных
3:27:26 | Метео-New | Нет данных
3:28:26 | Метео-New | Нет данных
3:29:26 | Метео-New | Нет данных
3:30:26 | Метео-New | Нет данных
3:31:26 | Метео-New | Нет данных
3:32:26 | Метео-New | Нет данных
3:33:26 | Метео-New | Нет данных
3:34:26 | Метео-New | Нет данных
3:35:26 | Метео-New | Нет данных
3:36:26 | Метео-New | Нет данных
3:37:26 | Метео-New | Нет данных
3:38:26 | Метео-New | Нет данных
3:39:26 | Метео-New | Нет данных
3:40:26 | Метео-New | Нет данных
3:41:26 | Метео-New | Нет данных
3:42:26 | Метео-New | Нет данных
3:43:26 | Метео-New | Нет данных
3:44:26 | Метео-New | Нет данных
3:45:26 | Метео-New | Нет данных
3:46:26 | Метео-New | Нет данных
3:47:26 | Метео-New | Нет данных
3:48:26 | Метео-New | Нет данных
3:49:26 | Метео-New | Нет данных
3:50:26 | Метео-New | Нет данных
3:51:26 | Метео-New | Нет данных
3:52:26 | Метео-New | Нет данных
3:53:26 | Метео-New | Нет данных
3:54:26 | Метео-New | Нет данных
3:55:26 | Метео-New | Нет данных
3:56:26 | Метео-New | Нет данных
3:57:26 | Метео-New | Нет данных
3:58:26 | Метео-New | Нет данных
3:59:26 | Метео-New | Нет данных
4:00:26 | Метео-New | Нет данных
4:01:26 | Метео-New | Нет данных
4:02:26 | Метео-New | Нет данных
4:03:26 | Метео-New | Нет данных
4:04:26 | Метео-New | Нет данных
4:05:26 | Метео-New | Нет данных
4:06:26 | Метео-New | Нет данных
4:07:26 | Метео-New | Нет данных
4:08:26 | Метео-New | Нет данных
4:09:26 | Метео-New | Нет данных
4:10:26 | Метео-New | Нет данных
4:11:26 | Метео-New | Нет данных
4:12:26 | Метео-New | Нет данных
4:13:26 | Метео-New | Нет данных
4:14:26 | Метео-New | Нет данных
4:15:26 | Метео-New | Нет данных
4:16:26 | Метео-New | Нет данных
4:17:26 | Метео-New | Нет данных
4:18:26 | Метео-New | Нет данных
4:19:26 | Метео-New | Нет данных
4:20:26 | Метео-New | Нет данных
4:21:26 | Метео-New | Нет данных
4:22:26 | Метео-New | Нет данных
4:23:26 | Метео-New | Нет данных
4:24:26 | Метео-New | Нет данных
4:25:26 | Метео-New | Нет данных
4:26:26 | Метео-New | Нет данных
4:27:26 | Метео-New | Нет данных
4:28:26 | Метео-New | Нет данных
4:29:26 | Метео-New | Нет данных
4:30:26 | Метео-New | Нет данных
4:31:26 | Метео-New | Нет данных
4:32:26 | Метео-New | Нет данных
4:33:26 | Метео-New | Нет данных
4:34:26 | Метео-New | Нет данных
4:35:26 | Метео-New | Нет данных
4:36:26 | Метео-New | Нет данных
4:37:26 | Метео-New | Нет данных
4:38:26 | Метео-New | Нет данных
4:39:26 | Метео-New | Нет данных
4:40:26 | Метео-New | Нет данных
4:41:26 | Метео-New | Нет данных
4:42:26 | Метео-New | Нет данных
4:43:26 | Метео-New | Нет данных
4:44:26 | Метео-New | Нет данных
4:45:26 | Метео-New | Нет данных
4:46:26 | Метео-New | Нет данных
4:47:26 | Метео-New | Нет данных
4:48:26 | Метео-New | Нет данных
4:49:26 | Метео-New | Нет данных
4:50:26 | Метео-New | Нет данных
4:51:26 | Метео-New | Нет данных
4:52:26 | Метео-New | Нет данных
4:53:26 | Метео-New | Нет данных
4:54:26 | Метео-New | Нет данных
4:55:26 | Метео-New | Нет данных
4:56:26 | Метео-New | Нет данных
4:57:26 | Метео-New | Нет данных
4:58:26 | Метео-New | Нет данных
4:59:26 | Метео-New | Нет данных
5:00:26 | Метео-New | Нет данных
5:01:26 | Метео-New | Нет данных
5:02:26 | Метео-New | Нет данных
5:03:26 | Метео-New | Нет данных
5:04:26 | Метео-New | Нет данных
5:05:26 | Метео-New | Нет данных
5:06:26 | Метео-New | Нет данных
5:07:26 | Метео-New | Нет данных
5:08:26 | Метео-New | Нет данных
5:09:26 | Метео-New | Нет данных
5:10:26 | Метео-New | Нет данных
5:11:26 | Метео-New | Нет данных
5:12:26 | Метео-New | Нет данных
5:13:26 | Метео-New | Нет данных
5:14:26 | Метео-New | Нет данных
5:15:26 | Метео-New | Нет данных
5:16:26 | Метео-New | Нет данных
5:17:26 | Метео-New | Нет данных
5:18:26 | Метео-New | Нет данных
5:19:26 | Метео-New | Нет данных
5:20:26 | Метео-New | Нет данных
5:21:26 | Метео-New | Нет данных
5:22:26 | Метео-New | Нет данных
5:23:26 | Метео-New | Нет данных
5:24:26 | Метео-New | Нет данных
5:25:26 | Метео-New | Нет данных
5:26:26 | Метео-New | Нет данных
5:27:26 | Метео-New | Нет данных
5:28:26 | Метео-New | Нет данных
5:29:26 | Метео-New | Нет данных
5:30:26 | Метео-New | Нет данных
5:31:26 | Метео-New | Нет данных
5:32:26 | Метео-New | Нет данных
5:33:26 | Метео-New | Нет данных
5:34:26 | Метео-New | Нет данных
5:35:26 | Метео-New | Нет данных
5:36:26 | Метео-New | Нет данных
5:37:26 | Метео-New | Нет данных
5:38:26 | Метео-New | Нет данных
5:39:26 | Метео-New | Нет данных
5:40:26 | Метео-New | Нет данных
5:41:26 | Метео-New | Нет данных
5:42:26 | Метео-New | Нет данных
5:43:26 | Метео-New | Нет данных
5:44:26 | Метео-New | Нет данных
5:45:26 | Метео-New | Нет данных
5:46:26 | Метео-New | Нет данных
5:47:26 | Метео-New | Нет данных
5:48:26 | Метео-New | Нет данных
5:49:26 | Метео-New | Нет данных
5:50:26 | Метео-New | Нет данных
5:51:26 | Метео-New | Нет данных
5:52:26 | Метео-New | Нет данных
5:53:26 | Метео-New | Нет данных
5:54:26 | Метео-New | Нет данных
5:55:26 | Метео-New | Нет данных
5:56:26 | Метео-New | Нет данных
5:57:26 | Метео-New | Нет данных
5:58:26 | Метео-New | Нет данных
5:59:26 | Метео-New | Нет данных
6:00:26 | Метео-New | Нет данных
6:01:26 | Метео-New | Нет данных
6:02:26 | Метео-New | Нет данных
6:03:26 | Метео-New | Нет данных
6:04:26 | Метео-New | Нет данных
6:05:26 | Метео-New | Нет данных
6:06:26 | Метео-New | Нет данных
6:07:26 | Метео-New | Нет данных
6:08:26 | Метео-New | Нет данных
6:09:26 | Метео-New | Нет данных
6:10:26 | Метео-New | Нет данных
6:11:26 | Метео-New | Нет данных
6:12:26 | Метео-New | Нет данных
6:13:26 | Метео-New | Нет данных
6:14:26 | Метео-New | Нет данных
6:15:26 | Метео-New | Нет данных
6:16:26 | Метео-New | Нет данных
6:17:26 | Метео-New | Нет данных
6:18:26 | Метео-New | Нет данных
6:19:26 | Метео-New | Нет данных
6:20:26 | Метео-New | Нет данных
6:21:26 | Метео-New | Нет данных
6:22:26 | Метео-New | Нет данных
6:23:26 | Метео-New | Нет данных
6:24:26 | Метео-New | Нет данных
6:25:26 | Метео-New | Нет данных
6:26:26 | Метео-New | Нет данных
6:27:26 | Метео-New | Нет данных
6:28:26 | Метео-New | Нет данных
6:29:26 | Метео-New | Нет данных
6:30:26 | Метео-New | Нет данных
6:31:26 | Метео-New | Нет данных
6:32:26 | Метео-New | Нет данных
6:33:26 | Метео-New | Нет данных
6:34:26 | Метео-New | Нет данных
6:35:26 | Метео-New | Нет данных
6:36:26 | Метео-New | Нет данных
6:37:26 | Метео-New | Нет данных
6:38:26 | Метео-New | Нет данных
6:39:26 | Метео-New | Нет данных
6:40:26 | Метео-New | Нет данных
6:41:26 | Метео-New | Нет данных
6:42:26 | Метео-New | Нет данных
6:43:26 | Метео-New | Нет данных
6:44:26 | Метео-New | Нет данных
6:45:26 | Метео-New | Нет данных
6:46:26 | Метео-New | Нет данных
6:47:26 | Метео-New | Нет данных
6:48:26 | Метео-New | Нет данных
6:49:26 | Метео-New | Нет данных
6:50:26 | Метео-New | Нет данных
6:51:26 | Метео-New | Нет данных
6:52:26 | Метео-New | Нет данных
6:53:26 | Метео-New | Нет данных
6:54:26 | Метео-New | Нет данных
6:55:26 | Метео-New | Нет данных
6:56:26 | Метео-New | Нет данных
6:57:26 | Метео-New | Нет данных
6:58:26 | Метео-New | Нет данных
6:59:26 | Метео-New | Нет данных
7:00:26 | Метео-New | Нет данных
7:01:26 | Метео-New | Нет данных
7:02:26 | Метео-New | Нет данных
7:03:26 | Метео-New | Нет данных
7:04:26 | Метео-New | Нет данных
7:05:26 | Метео-New | Нет данных
7:06:26 | Метео-New | Нет данных
7:07:26 | Метео-New | Нет данных
7:08:26 | Метео-New | Нет данных
7:09:26 | Метео-New | Нет данных
7:10:26 | Метео-New | Нет данных
7:11:26 | Метео-New | Нет данных
7:12:26 | Метео-New | Нет данных
7:13:26 | Метео-New | Нет данных
7:14:26 | Метео-New | Нет данных
7:15:26 | Метео-New | Нет данных
7:16:26 | Метео-New | Нет данных
7:17:26 | Метео-New | Нет данных
7:18:26 | Метео-New | Нет данных
7:19:26 | Метео-New | Нет данных
7:20:26 | Метео-New | Нет данных
7:21:26 | Метео-New | Нет данных
7:22:26 | Метео-New | Нет данных
7:23:26 | Метео-New | Нет данных
7:24:26 | Метео-New | Нет данных
7:25:26 | Метео-New | Нет данных
7:26:26 | Метео-New | Нет данных
7:27:26 | Метео-New | Нет данных
7:28:26 | Метео-New | Нет данных
7:29:26 | Метео-New | Нет данных
7:30:26 | Метео-New | Нет данных
7:31:26 | Метео-New | Нет данных
7:32:26 | Метео-New | Нет данных
7:33:26 | Метео-New | Нет данных
7:34:26 | Метео-New | Нет данных
7:35:26 | Метео-New | Нет данных
7:36:26 | Метео-New | Нет данных
7:37:26 | Метео-New | Нет данных
7:38:26 | Метео-New | Нет данных
7:39:26 | Метео-New | Нет данных
7:40:26 | Метео-New | Нет данных
7:41:26 | Метео-New | Нет данных
7:42:26 | Метео-New | Нет данных
7:43:26 | Метео-New | Нет данных
7:44:26 | Метео-New | Нет данных
7:45:26 | Метео-New | Нет данных
7:46:26 | Метео-New | Нет данных
7:47:26 | Метео-New | Нет данных
7:48:26 | Метео-New | Нет данных
7:49:26 | Метео-New | Нет данных
7:50:26 | Метео-New | Нет данных
7:51:26 | Метео-New | Нет данных
7:52:26 | Метео-New | Нет данных
7:53:26 | Метео-New | Нет данных
7:54:26 | Метео-New | Нет данных
7:55:26 | Метео-New | Нет данных
7:56:26 | Метео-New | Нет данных
7:57:26 | Метео-New | Нет данных
7:58:26 | Метео-New | Нет данных
7:59:26 | Метео-New | Нет данных
8:00:26 | Метео-New | Нет данных
8:01:26 | Метео-New | Нет данных
8:02:26 | Метео-New | Нет данных
8:03:26 | Метео-New | Нет данных
8:04:26 | Метео-New | Нет данных
8:05:26 | Метео-New | Нет данных
8:06:26 | Метео-New | Нет данных
8:07:26 | Метео-New | Нет данных
8:08:26 | Метео-New | Нет данных
8:09:26 | Метео-New | Нет данных
8:10:26 | Метео-New | Нет данных
8:11:26 | Метео-New | Нет данных
8:12:26 | Метео-New | Нет данных
8:13:26 | Метео-New | Нет данных
8:14:26 | Метео-New | Нет данных
8:15:26 | Метео-New | Нет данных
8:16:26 | Метео-New | Нет данных
8:17:26 | Метео-New | Нет данных
8:18:26 | Метео-New | Нет данных
8:19:26 | Метео-New | Нет данных
8:20:26 | Метео-New | Нет данных
8:21:26 | Метео-New | Нет данных
8:22:26 | Метео-New | Нет данных
8:23:26 | Метео-New | Нет данных
8:24:26 | Метео-New | Нет данных
8:25:26 | Метео-New | Нет данных
8:26:26 | Метео-New | Нет данных
8:27:26 | Метео-New | Нет данных
8:28:26 | Метео-New | Нет данных
8:29:26 | Метео-New | Нет данных
8:30:26 | Метео-New | Нет данных
8:31:26 | Метео-New | Нет данных
8:32:26 | Метео-New | Нет данных
8:33:26 | Метео-New | Нет данных
8:34:26 | Метео-New | Нет данных
8:35:26 | Метео-New | Нет данных
8:36:26 | Метео-New | Нет данных
8:37:26 | Метео-New | Нет данных
8:38:26 | Метео-New | Нет данных
8:39:26 | Метео-New | Нет данных
8:40:26 | Метео-New | Нет данных
8:41:26 | Метео-New | Нет данных
8:42:26 | Метео-New | Нет данных
8:43:26 | Метео-New | Нет данных
8:44:26 | Метео-New | Нет данных
8:45:26 | Метео-New | Нет данных
8:46:26 | Метео-New | Нет данных
8:47:26 | Метео-New | Нет данных
8:48:26 | Метео-New | Нет данных
8:49:26 | Метео-New | Нет данных
8:50:26 | Метео-New | Нет данных
8:51:26 | Метео-New | Нет данных
8:52:26 | Метео-New | Нет данных
8:53:26 | Метео-New | Нет данных
8:54:26 | Метео-New | Нет данных
8:55:26 | Метео-New | Нет данных
8:56:26 | Метео-New | Нет данных
8:57:26 | Метео-New | Нет данных
8:58:26 | Метео-New | Нет данных
8:59:26 | Метео-New | Нет данных
9:00:26 | Метео-New | Нет данных
9:01:26 | Метео-New | Нет данных
9:02:26 | Метео-New | Нет данных
9:03:26 | Метео-New | Нет данных
9:04:26 | Метео-New | Нет данных
9:05:26 | Метео-New | Нет данных
9:06:26 | Метео-New | Нет данных
9:07:26 | Метео-New | Нет данных
9:08:26 | Метео-New | Нет данных
9:09:26 | Метео-New | Нет данных
9:10:26 | Метео-New | Нет данных
9:11:26 | Метео-New | Нет данных
9:12:26 | Метео-New | Нет данных
9:13:26 | Метео-New | Нет данных
9:14:26 | Метео-New | Нет данных
9:14:33 | MAX-FITO | Закрыт
9:56:04 | MAX-FITO | Стартовал
9:56:07 | Метео-New | Нет данных
9:57:07 | Метео-New | Нет данных
9:57:30 | MAX-FITO | Закрыт
9:59:09 | MAX-FITO | Стартовал
9:59:13 | Метео-New | Нет данных
10:00:13 | Метео-New | Нет данных
10:00:51 | Микроклимат 501 3 | Состояние климата - 192.168.1.244:2012-Обменов2 Попытка установить соединение была безуспешной, т.к. от другого компьютера за требуемое время не получен нужный отклик, или было разорвано уже установленное соединение из-за неверного отклика уже подключенного компьютера
10:00:51 | Микроклимат 501 3 | Нет приема данных
10:01:13 | Метео-New | Нет данных
10:01:51 | Микроклимат 501 3 | Нет приема данных
10:02:13 | Метео-New | Нет данных
10:02:51 | Микроклимат 501 3 | Нет приема данных
10:03:06 | MAX-FITO | Закрыт
10:17:38 | MAX-FITO | Стартовал
10:17:42 | Метео-New | Нет данных
10:18:33 | MAX-FITO | Закрыт
10:25:31 | MAX-FITO | Стартовал
10:25:35 | Метео-New | Нет данных
10:26:35 | Метео-New | Нет данных
10:27:13 | Микроклимат 501 3 | Состояние климата - 192.168.1.244:2012-Обменов2 Попытка установить соединение была безуспешной, т.к. от другого компьютера за требуемое время не получен нужный отклик, или было разорвано уже установленное соединение из-за неверного отклика уже подключенного компьютера
10:27:13 | Микроклимат 501 3 | Нет приема данных
10:27:31 | Микроклимат 501 3 | Управляет
10:27:35 | Метео-New | Нет данных
10:27:59 | MAX-FITO | Закрыт
10:59:15 | MAX-FITO | Стартовал
10:59:18 | Метео-New | Нет данных
11:00:15 | Микроклимат 501 3 | Зона 1 Температура воздуха 1 (Т1)-Отказ датчика
11:00:15 | Микроклимат 501 3 | Зона 1 Относит влажность воздуха-Отказ датчика
11:00:15 | Микроклимат 501 3 | Зона 2 Относит влажность воздуха-Отказ датчика
11:00:15 | Микроклимат 501 3 | Зона 3 Относит влажность воздуха-Отказ датчика
11:00:15 | Микроклимат 501 3 | Управляет
11:00:18 | Метео-New | Нет данных
11:01:15 | Микроклимат 501 3 | Зона 1 Температура воздуха 1 (Т1)-Отказ датчика
11:01:15 | Микроклимат 501 3 | Зона 1 Относит влажность воздуха-Отказ датчика
11:01:15 | Микроклимат 501 3 | Зона 2 Относит влажность воздуха-Отказ датчика
11:01:15 | Микроклимат 501 3 | Зона 3 Относит влажность воздуха-Отказ датчика
11:01:18 | Метео-New | Нет данных
11:02:15 | Микроклимат 501 3 | Зона 1 Температура воздуха 1 (Т1)-Отказ датчика
11:02:15 | Микроклимат 501 3 | Зона 1 Относит влажность воздуха-Отказ датчика
11:02:15 | Микроклимат 501 3 | Зона 2 Относит влажность воздуха-Отказ датчика
11:02:15 | Микроклимат 501 3 | Зона 3 Относит влажность воздуха-Отказ датчика
11:02:18 | Метео-New | Нет данных
11:03:15 | Микроклимат 501 3 | Зона 1 Температура воздуха 1 (Т1)-Отказ датчика
11:03:15 | Микроклимат 501 3 | Зона 1 Относит влажность воздуха-Отказ датчика
11:03:15 | Микроклимат 501 3 | Зона 2 Относит влажность воздуха-Отказ датчика
11:03:15 | Микроклимат 501 3 | Зона 3 Относит влажность воздуха-Отказ датчика
11:03:18 | Метео-New | Нет данных
11:04:12 | MAX-FITO | Закрыт
11:08:34 | MAX-FITO | Стартовал
11:08:37 | Метео-New | Нет данных
11:09:37 | Метео-New | Нет данных
11:10:16 | Микроклимат 501 3 | Состояние климата - 192.168.1.244:2012-Обменов2 Попытка установить соединение была безуспешной, т.к. от другого компьютера за требуемое время не получен нужный отклик, или было разорвано уже установленное соединение из-за неверного отклика уже подключенного компьютера
11:10:16 | Микроклимат 501 3 | Нет приема данных
11:10:37 | Метео-New | Нет данных
11:11:15 | Микроклимат 501 3 | Нет приема данных
11:11:37 | Метео-New | Нет данных
11:12:15 | Микроклимат 501 3 | Нет приема данных
11:12:37 | Метео-New | Нет данных
11:13:15 | Микроклимат 501 3 | Нет приема данных
11:13:37 | Метео-New | Нет данных
11:13:51 | MAX-FITO | Закрыт
11:29:05 | MAX-FITO | Стартовал
11:29:08 | Метео-New | Нет данных
11:30:05 | Микроклимат 501 3 | Зона 1 Температура воздуха 1 (Т1)-Отказ датчика
11:30:05 | Микроклимат 501 3 | Зона 1 Относит влажность воздуха-Отказ датчика
11:30:05 | Микроклимат 501 3 | Зона 2 Относит влажность воздуха-Отказ датчика
11:30:05 | Микроклимат 501 3 | Зона 3 Относит влажность воздуха-Отказ датчика
11:30:05 | Микроклимат 501 3 | Управляет
11:30:09 | Метео-New | Нет данных
11:31:05 | Микроклимат 501 3 | Зона 1 Температура воздуха 1 (Т1)-Отказ датчика
11:31:05 | Микроклимат 501 3 | Зона 1 Относит влажность воздуха-Отказ датчика
11:31:05 | Микроклимат 501 3 | Зона 2 Относит влажность воздуха-Отказ датчика
11:31:05 | Микроклимат 501 3 | Зона 3 Относит влажность воздуха-Отказ датчика
11:31:09 | Метео-New | Нет данных
11:32:05 | Микроклимат 501 3 | Зона 1 Температура воздуха 1 (Т1)-Отказ датчика
11:32:05 | Микроклимат 501 3 | Зона 1 Относит влажность воздуха-Отказ датчика
11:32:05 | Микроклимат 501 3 | Зона 2 Относит влажность воздуха-Отказ датчика
11:32:05 | Микроклимат 501 3 | Зона 3 Относит влажность воздуха-Отказ датчика
11:32:09 | Метео-New | Нет данных
11:33:05 | Микроклимат 501 3 | Зона 1 Температура воздуха 1 (Т1)-Отказ датчика
11:33:05 | Микроклимат 501 3 | Зона 1 Относит влажность воздуха-Отказ датчика
11:33:05 | Микроклимат 501 3 | Зона 2 Относит влажность воздуха-Отказ датчика
11:33:05 | Микроклимат 501 3 | Зона 3 Относит влажность воздуха-Отказ датчика
11:33:09 | Метео-New | Нет данных
11:34:05 | Микроклимат 501 3 | Зона 1 Температура воздуха 1 (Т1)-Отказ датчика
11:34:05 | Микроклимат 501 3 | Зона 1 Относит влажность воздуха-Отказ датчика
11:34:05 | Микроклимат 501 3 | Зона 2 Относит влажность воздуха-Отказ датчика
11:34:05 | Микроклимат 501 3 | Зона 3 Относит влажность воздуха-Отказ датчика
11:34:09 | Метео-New | Нет данных
11:34:10 | MAX-FITO | Закрыт
11:42:27 | MAX-FITO | Стартовал
11:42:31 | Метео-New | Нет данных
11:43:27 | Микроклимат 501 3 | Зона 1 Температура воздуха 1 (Т1)-Отказ датчика
11:43:27 | Микроклимат 501 3 | Зона 1 Относит влажность воздуха-Отказ датчика
11:43:28 | Микроклимат 501 3 | Зона 2 Относит влажность воздуха-Отказ датчика
11:43:28 | Микроклимат 501 3 | Зона 3 Относит влажность воздуха-Отказ датчика
11:43:28 | Микроклимат 501 3 | Управляет
11:43:31 | Метео-New | Нет данных
11:44:28 | Микроклимат 501 3 | Зона 1 Температура воздуха 1 (Т1)-Отказ датчика
11:44:28 | Микроклимат 501 3 | Зона 1 Относит влажность воздуха-Отказ датчика
11:44:28 | Микроклимат 501 3 | Зона 2 Относит влажность воздуха-Отказ датчика
11:44:28 | Микроклимат 501 3 | Зона 3 Относит влажность воздуха-Отказ датчика
11:44:31 | Метео-New | Нет данных
11:45:31 | Метео-New | Нет данных
11:45:33 | Микроклимат 501 3 | Зона 1 Температура воздуха 1 (Т1)-Отказ датчика
11:45:33 | Микроклимат 501 3 | Зона 1 Относит влажность воздуха-Отказ датчика
11:45:33 | Микроклимат 501 3 | Зона 2 Относит влажность воздуха-Отказ датчика
11:45:33 | Микроклимат 501 3 | Зона 3 Относит влажность воздуха-Отказ датчика
11:46:27 | Микроклимат 501 3 | Зона 1 Температура воздуха 1 (Т1)-Отказ датчика
11:46:27 | Микроклимат 501 3 | Зона 1 Относит влажность воздуха-Отказ датчика
11:46:28 | Микроклимат 501 3 | Зона 2 Относит влажность воздуха-Отказ датчика
11:46:28 | Микроклимат 501 3 | Зона 3 Относит влажность воздуха-Отказ датчика
11:46:31 | Метео-New | Нет данных
11:47:27 | Микроклимат 501 3 | Зона 1 Температура воздуха 1 (Т1)-Отказ датчика
11:47:27 | Микроклимат 501 3 | Зона 1 Относит влажность воздуха-Отказ датчика
11:47:28 | Микроклимат 501 3 | Зона 2 Относит влажность воздуха-Отказ датчика
11:47:28 | Микроклимат 501 3 | Зона 3 Относит влажность воздуха-Отказ датчика
11:47:31 | Метео-New | Нет данных
11:48:27 | MAX-FITO | Закрыт
11:48:50 | MAX-FITO | Стартовал
11:48:53 | Метео-New | Нет данных
11:49:50 | Микроклимат 501 3 | Зона 1 Температура воздуха 1 (Т1)-Отказ датчика
11:49:50 | Микроклимат 501 3 | Зона 1 Относит влажность воздуха-Отказ датчика
11:49:51 | Микроклимат 501 3 | Зона 2 Относит влажность воздуха-Отказ датчика
11:49:51 | Микроклимат 501 3 | Зона 3 Относит влажность воздуха-Отказ датчика
11:49:51 | Микроклимат 501 3 | Управляет
11:49:54 | Метео-New | Нет данных
11:50:50 | Микроклимат 501 3 | Зона 1 Температура воздуха 1 (Т1)-Отказ датчика
11:50:50 | Микроклимат 501 3 | Зона 1 Относит влажность воздуха-Отказ датчика
11:50:51 | Микроклимат 501 3 | Зона 2 Относит влажность воздуха-Отказ датчика
11:50:51 | Микроклимат 501 3 | Зона 3 Относит влажность воздуха-Отказ датчика
11:50:54 | Метео-New | Нет данных
11:51:54 | Метео-New | Нет данных
11:51:56 | Микроклимат 501 3 | Зона 1 Температура воздуха 1 (Т1)-Отказ датчика
11:51:56 | Микроклимат 501 3 | Зона 1 Относит влажность воздуха-Отказ датчика
11:51:56 | Микроклимат 501 3 | Зона 2 Относит влажность воздуха-Отказ датчика
11:51:56 | Микроклимат 501 3 | Зона 3 Относит влажность воздуха-Отказ датчика
11:52:54 | Метео-New | Нет данных
11:52:56 | Микроклимат 501 3 | Зона 1 Температура воздуха 1 (Т1)-Отказ датчика
11:52:56 | Микроклимат 501 3 | Зона 1 Относит влажность воздуха-Отказ датчика
11:52:56 | Микроклимат 501 3 | Зона 2 Относит влажность воздуха-Отказ датчика
11:52:56 | Микроклимат 501 3 | Зона 3 Относит влажность воздуха-Отказ датчика
11:53:50 | Микроклимат 501 3 | Зона 1 Температура воздуха 1 (Т1)-Отказ датчика
11:53:50 | Микроклимат 501 3 | Зона 1 Относит влажность воздуха-Отказ датчика
11:53:51 | Микроклимат 501 3 | Зона 2 Относит влажность воздуха-Отказ датчика
11:53:51 | Микроклимат 501 3 | Зона 3 Относит влажность воздуха-Отказ датчика
11:53:54 | Метео-New | Нет данных
11:54:00 | MAX-FITO | Закрыт
11:54:42 | MAX-FITO | Стартовал
11:54:46 | Метео-New | Нет данных
11:54:47 | MAX-FITO | Закрыт
11:57:29 | MAX-FITO | Стартовал
11:57:32 | Метео-New | Нет данных
11:58:06 | Микроклимат 501 3 | Зона 1 Температура воздуха 1 (Т1)-Отказ датчика
11:58:18 | Микроклимат 501 3 | Зона 1 Относит влажность воздуха-Отказ датчика
11:58:44 | Микроклимат 501 3 | Зона 2 Относит влажность воздуха-Отказ датчика
11:58:49 | Микроклимат 501 3 | Зона 3 Относит влажность воздуха-Отказ датчика
11:58:49 | Микроклимат 501 3 | Управляет
11:58:49 | Метео-New | Нет данных
11:58:50 | Микроклимат 501 3 | Зона 1 Температура воздуха 1 (Т1)-Отказ датчика
11:58:50 | Микроклимат 501 3 | Зона 1 Относит влажность воздуха-Отказ датчика
11:58:50 | Микроклимат 501 3 | Зона 2 Относит влажность воздуха-Отказ датчика
11:58:50 | Микроклимат 501 3 | Зона 3 Относит влажность воздуха-Отказ датчика
11:59:06 | Микроклимат 501 3 | Зона 1 Температура воздуха 1 (Т1)-Отказ датчика
11:59:06 | Микроклимат 501 3 | Зона 1 Относит влажность воздуха-Отказ датчика
11:59:06 | Микроклимат 501 3 | Зона 2 Относит влажность воздуха-Отказ датчика
11:59:06 | Микроклимат 501 3 | Зона 3 Относит влажность воздуха-Отказ датчика
11:59:32 | Метео-New | Нет данных
11:59:36 | Микроклимат 501 3 | Зона 1 Температура воздуха 1 (Т1)-Отказ датчика
11:59:36 | Микроклимат 501 3 | Зона 1 Относит влажность воздуха-Отказ датчика
11:59:36 | Микроклимат 501 3 | Зона 2 Относит влажность воздуха-Отказ датчика
11:59:36 | Микроклимат 501 3 | Зона 3 Относит влажность воздуха-Отказ датчика
12:00:06 | Микроклимат 501 3 | Зона 1 Температура воздуха 1 (Т1)-Отказ датчика
12:00:06 | Микроклимат 501 3 | Зона 1 Относит влажность воздуха-Отказ датчика
12:00:06 | Микроклимат 501 3 | Зона 2 Относит влажность воздуха-Отказ датчика
12:00:06 | Микроклимат 501 3 | Зона 3 Относит влажность воздуха-Отказ датчика
12:00:32 | Метео-New | Нет данных
12:00:36 | Микроклимат 501 3 | Зона 1 Температура воздуха 1 (Т1)-Отказ датчика
12:00:36 | Микроклимат 501 3 | Зона 1 Относит влажность воздуха-Отказ датчика
12:00:36 | Микроклимат 501 3 | Зона 2 Относит влажность воздуха-Отказ датчика
12:00:36 | Микроклимат 501 3 | Зона 3 Относит влажность воздуха-Отказ датчика
12:01:06 | Микроклимат 501 3 | Зона 1 Температура воздуха 1 (Т1)-Отказ датчика
12:01:06 | Микроклимат 501 3 | Зона 1 Относит влажность воздуха-Отказ датчика
12:01:06 | Микроклимат 501 3 | Зона 2 Относит влажность воздуха-Отказ датчика
12:01:06 | Микроклимат 501 3 | Зона 3 Относит влажность воздуха-Отказ датчика
12:01:32 | Метео-New | Нет данных
12:01:36 | Микроклимат 501 3 | Зона 1 Температура воздуха 1 (Т1)-Отказ датчика
12:01:36 | Микроклимат 501 3 | Зона 1 Относит влажность воздуха-Отказ датчика
12:01:36 | Микроклимат 501 3 | Зона 2 Относит влажность воздуха-Отказ датчика
12:01:36 | Микроклимат 501 3 | Зона 3 Относит влажность воздуха-Отказ датчика
12:02:11 | Микроклимат 501 3 | Зона 1 Температура воздуха 1 (Т1)-Отказ датчика
12:02:12 | Микроклимат 501 3 | Зона 1 Относит влажность воздуха-Отказ датчика
12:02:12 | Микроклимат 501 3 | Зона 2 Относит влажность воздуха-Отказ датчика
12:02:12 | Микроклимат 501 3 | Зона 3 Относит влажность воздуха-Отказ датчика
12:02:32 | Метео-New | Нет данных
12:02:36 | Микроклимат 501 3 | Зона 1 Температура воздуха 1 (Т1)-Отказ датчика
12:02:36 | Микроклимат 501 3 | Зона 1 Относит влажность воздуха-Отказ датчика
12:02:36 | Микроклимат 501 3 | Зона 2 Относит влажность воздуха-Отказ датчика
12:02:36 | Микроклимат 501 3 | Зона 3 Относит влажность воздуха-Отказ датчика
12:03:06 | Микроклимат 501 3 | Зона 1 Температура воздуха 1 (Т1)-Отказ датчика
12:03:06 | Микроклимат 501 3 | Зона 1 Относит влажность воздуха-Отказ датчика
12:03:06 | Микроклимат 501 3 | Зона 2 Относит влажность воздуха-Отказ датчика
12:03:06 | Микроклимат 501 3 | Зона 3 Относит влажность воздуха-Отказ датчика
12:03:32 | Метео-New | Нет данных
12:03:36 | Микроклимат 501 3 | Зона 1 Температура воздуха 1 (Т1)-Отказ датчика
12:03:36 | Микроклимат 501 3 | Зона 1 Относит влажность воздуха-Отказ датчика
12:03:36 | Микроклимат 501 3 | Зона 2 Относит влажность воздуха-Отказ датчика
12:03:36 | Микроклимат 501 3 | Зона 3 Относит влажность воздуха-Отказ датчика
12:04:06 | Микроклимат 501 3 | Зона 1 Температура воздуха 1 (Т1)-Отказ датчика
12:04:06 | Микроклимат 501 3 | Зона 1 Относит влажность воздуха-Отказ датчика
12:04:06 | Микроклимат 501 3 | Зона 2 Относит влажность воздуха-Отказ датчика
12:04:06 | Микроклимат 501 3 | Зона 3 Относит влажность воздуха-Отказ датчика
12:04:32 | Метео-New | Нет данных
12:04:36 | Микроклимат 501 3 | Зона 1 Температура воздуха 1 (Т1)-Отказ датчика
12:04:36 | Микроклимат 501 3 | Зона 1 Относит влажность воздуха-Отказ датчика
12:04:36 | Микроклимат 501 3 | Зона 2 Относит влажность воздуха-Отказ датчика
12:04:36 | Микроклимат 501 3 | Зона 3 Относит влажность воздуха-Отказ датчика
12:05:06 | Микроклимат 501 3 | Зона 1 Температура воздуха 1 (Т1)-Отказ датчика
12:05:06 | Микроклимат 501 3 | Зона 1 Относит влажность воздуха-Отказ датчика
12:05:06 | Микроклимат 501 3 | Зона 2 Относит влажность воздуха-Отказ датчика
12:05:06 | Микроклимат 501 3 | Зона 3 Относит влажность воздуха-Отказ датчика
12:05:32 | Метео-New | Нет данных
12:05:36 | Микроклимат 501 3 | Зона 1 Температура воздуха 1 (Т1)-Отказ датчика
12:05:36 | Микроклимат 501 3 | Зона 1 Относит влажность воздуха-Отказ датчика
12:05:36 | Микроклимат 501 3 | Зона 2 Относит влажность воздуха-Отказ датчика
12:05:36 | Микроклимат 501 3 | Зона 3 Относит влажность воздуха-Отказ датчика
12:06:06 | Микроклимат 501 3 | Зона 1 Температура воздуха 1 (Т1)-Отказ датчика
12:06:06 | Микроклимат 501 3 | Зона 1 Относит влажность воздуха-Отказ датчика
12:06:06 | Микроклимат 501 3 | Зона 2 Относит влажность воздуха-Отказ датчика
12:06:06 | Микроклимат 501 3 | Зона 3 Относит влажность воздуха-Отказ датчика
12:06:22 | MAX-FITO | Закрыт
12:09:36 | MAX-FITO | Стартовал
12:09:39 | Метео-New | Нет данных
12:10:06 | Микроклимат 501 3 | Зона 1 Температура воздуха 1 (Т1)-Отказ датчика
12:10:06 | Микроклимат 501 3 | Зона 1 Относит влажность воздуха-Отказ датчика
12:10:06 | Микроклимат 501 3 | Зона 2 Относит влажность воздуха-Отказ датчика
12:10:06 | Микроклимат 501 3 | Зона 3 Относит влажность воздуха-Отказ датчика
12:10:12 | Микроклимат 501 3 | Управляет
12:10:36 | Микроклимат 501 3 | Зона 1 Температура воздуха 1 (Т1)-Отказ датчика
12:10:36 | Микроклимат 501 3 | Зона 1 Относит влажность воздуха-Отказ датчика
12:10:36 | Микроклимат 501 3 | Зона 2 Относит влажность воздуха-Отказ датчика
12:10:36 | Микроклимат 501 3 | Зона 3 Относит влажность воздуха-Отказ датчика
12:10:39 | Метео-New | Нет данных
12:11:06 | Микроклимат 501 3 | Зона 1 Температура воздуха 1 (Т1)-Отказ датчика
12:11:06 | Микроклимат 501 3 | Зона 1 Относит влажность воздуха-Отказ датчика
12:11:06 | Микроклимат 501 3 | Зона 2 Относит влажность воздуха-Отказ датчика
12:11:06 | Микроклимат 501 3 | Зона 3 Относит влажность воздуха-Отказ датчика
12:11:36 | Микроклимат 501 3 | Зона 1 Температура воздуха 1 (Т1)-Отказ датчика
12:11:36 | Микроклимат 501 3 | Зона 1 Относит влажность воздуха-Отказ датчика
12:11:36 | Микроклимат 501 3 | Зона 2 Относит влажность воздуха-Отказ датчика
12:11:36 | Микроклимат 501 3 | Зона 3 Относит влажность воздуха-Отказ датчика
12:11:39 | Метео-New | Нет данных
12:11:51 | MAX-FITO | Закрыт
12:13:18 | MAX-FITO | Стартовал
12:13:22 | Метео-New | Нет данных
12:13:49 | Микроклимат 501 3 | Зона 1 Температура воздуха 1 (Т1)-Отказ датчика
12:13:49 | Микроклимат 501 3 | Зона 1 Относит влажность воздуха-Отказ датчика
12:13:49 | Микроклимат 501 3 | Зона 2 Относит влажность воздуха-Отказ датчика
12:13:49 | Микроклимат 501 3 | Зона 3 Относит влажность воздуха-Отказ датчика
12:13:49 | Микроклимат 501 3 | HELLO
12:14:07 | MAX-FITO | Закрыт
12:18:23 | MAX-FITO | Стартовал
12:18:26 | Метео-New | Нет данных
12:18:53 | Микроклимат 501 3 | Зона 1 Температура воздуха 1 (Т1)-Отказ датчика
12:18:53 | Микроклимат 501 3 | Зона 1 Относит влажность воздуха-Отказ датчика
12:18:53 | Микроклимат 501 3 | Зона 2 Относит влажность воздуха-Отказ датчика
12:18:53 | Микроклимат 501 3 | Зона 3 Относит влажность воздуха-Отказ датчика
12:18:53 | Микроклимат 501 3 | HELLO
12:19:23 | Микроклимат 501 3 | Зона 1 Температура воздуха 1 (Т1)-Отказ датчика
12:19:23 | Микроклимат 501 3 | Зона 1 Относит влажность воздуха-Отказ датчика
12:19:23 | Микроклимат 501 3 | Зона 2 Относит влажность воздуха-Отказ датчика
12:19:23 | Микроклимат 501 3 | Зона 3 Относит влажность воздуха-Отказ датчика
12:19:27 | Метео-New | Нет данных
12:19:53 | Микроклимат 501 3 | Зона 1 Температура воздуха 1 (Т1)-Отказ датчика
12:19:53 | Микроклимат 501 3 | Зона 1 Относит влажность воздуха-Отказ датчика
12:19:53 | Микроклимат 501 3 | Зона 2 Относит влажность воздуха-Отказ датчика
12:19:53 | Микроклимат 501 3 | Зона 3 Относит влажность воздуха-Отказ датчика
12:20:23 | Микроклимат 501 3 | Зона 1 Температура воздуха 1 (Т1)-Отказ датчика
12:20:23 | Микроклимат 501 3 | Зона 1 Относит влажность воздуха-Отказ датчика
12:20:23 | Микроклимат 501 3 | Зона 2 Относит влажность воздуха-Отказ датчика
12:20:23 | Микроклимат 501 3 | Зона 3 Относит влажность воздуха-Отказ датчика
12:20:27 | Метео-New | Нет данных
12:20:53 | Микроклимат 501 3 | Зона 1 Температура воздуха 1 (Т1)-Отказ датчика
12:20:53 | Микроклимат 501 3 | Зона 1 Относит влажность воздуха-Отказ датчика
12:20:53 | Микроклимат 501 3 | Зона 2 Относит влажность воздуха-Отказ датчика
12:20:53 | Микроклимат 501 3 | Зона 3 Относит влажность воздуха-Отказ датчика
12:21:27 | Метео-New | Нет данных
12:21:28 | Микроклимат 501 3 | Зона 1 Температура воздуха 1 (Т1)-Отказ датчика
12:21:29 | Микроклимат 501 3 | Зона 1 Относит влажность воздуха-Отказ датчика
12:21:29 | Микроклимат 501 3 | Зона 2 Относит влажность воздуха-Отказ датчика
12:21:29 | Микроклимат 501 3 | Зона 3 Относит влажность воздуха-Отказ датчика
12:21:58 | Микроклимат 501 3 | Зона 1 Температура воздуха 1 (Т1)-Отказ датчика
12:21:58 | Микроклимат 501 3 | Зона 1 Относит влажность воздуха-Отказ датчика
12:21:59 | Микроклимат 501 3 | Зона 2 Относит влажность воздуха-Отказ датчика
12:21:59 | Микроклимат 501 3 | Зона 3 Относит влажность воздуха-Отказ датчика
12:22:23 | Микроклимат 501 3 | Зона 1 Температура воздуха 1 (Т1)-Отказ датчика
12:22:23 | Микроклимат 501 3 | Зона 1 Относит влажность воздуха-Отказ датчика
12:22:23 | Микроклимат 501 3 | Зона 2 Относит влажность воздуха-Отказ датчика
12:22:23 | Микроклимат 501 3 | Зона 3 Относит влажность воздуха-Отказ датчика
12:22:27 | Метео-New | Нет данных
12:22:53 | Микроклимат 501 3 | Зона 1 Температура воздуха 1 (Т1)-Отказ датчика
12:22:53 | Микроклимат 501 3 | Зона 1 Относит влажность воздуха-Отказ датчика
12:22:53 | Микроклимат 501 3 | Зона 2 Относит влажность воздуха-Отказ датчика
12:22:53 | Микроклимат 501 3 | Зона 3 Относит влажность воздуха-Отказ датчика
12:23:23 | Микроклимат 501 3 | Зона 1 Температура воздуха 1 (Т1)-Отказ датчика
12:23:23 | Микроклимат 501 3 | Зона 1 Относит влажность воздуха-Отказ датчика
12:23:23 | Микроклимат 501 3 | Зона 2 Относит влажность воздуха-Отказ датчика
12:23:23 | Микроклимат 501 3 | Зона 3 Относит влажность воздуха-Отказ датчика
12:23:27 | Метео-New | Нет данных
12:23:53 | Микроклимат 501 3 | Зона 1 Температура воздуха 1 (Т1)-Отказ датчика
12:23:53 | Микроклимат 501 3 | Зона 1 Относит влажность воздуха-Отказ датчика
12:23:53 | Микроклимат 501 3 | Зона 2 Относит влажность воздуха-Отказ датчика
12:23:53 | Микроклимат 501 3 | Зона 3 Относит влажность воздуха-Отказ датчика
12:24:23 | Микроклимат 501 3 | Зона 1 Температура воздуха 1 (Т1)-Отказ датчика
12:24:23 | Микроклимат 501 3 | Зона 1 Относит влажность воздуха-Отказ датчика
12:24:23 | Микроклимат 501 3 | Зона 2 Относит влажность воздуха-Отказ датчика
12:24:23 | Микроклимат 501 3 | Зона 3 Относит влажность воздуха-Отказ датчика
12:24:27 | Метео-New | Нет данных
12:24:59 | Микроклимат 501 3 | Зона 1 Температура воздуха 1 (Т1)-Отказ датчика
12:24:59 | Микроклимат 501 3 | Зона 1 Относит влажность воздуха-Отказ датчика
12:24:59 | Микроклимат 501 3 | Зона 2 Относит влажность воздуха-Отказ датчика
12:24:59 | Микроклимат 501 3 | Зона 3 Относит влажность воздуха-Отказ датчика
12:25:23 | Микроклимат 501 3 | Зона 1 Температура воздуха 1 (Т1)-Отказ датчика
12:25:23 | Микроклимат 501 3 | Зона 1 Относит влажность воздуха-Отказ датчика
12:25:23 | Микроклимат 501 3 | Зона 2 Относит влажность воздуха-Отказ датчика
12:25:23 | Микроклимат 501 3 | Зона 3 Относит влажность воздуха-Отказ датчика
12:25:27 | Метео-New | Нет данных
12:25:53 | Микроклимат 501 3 | Зона 1 Температура воздуха 1 (Т1)-Отказ датчика
12:25:53 | Микроклимат 501 3 | Зона 1 Относит влажность воздуха-Отказ датчика
12:25:53 | Микроклимат 501 3 | Зона 2 Относит влажность воздуха-Отказ датчика
12:25:53 | Микроклимат 501 3 | Зона 3 Относит влажность воздуха-Отказ датчика
12:26:23 | Микроклимат 501 3 | Зона 1 Температура воздуха 1 (Т1)-Отказ датчика
12:26:23 | Микроклимат 501 3 | Зона 1 Относит влажность воздуха-Отказ датчика
12:26:23 | Микроклимат 501 3 | Зона 2 Относит влажность воздуха-Отказ датчика
12:26:23 | Микроклимат 501 3 | Зона 3 Относит влажность воздуха-Отказ датчика
12:26:27 | Метео-New | Нет данных
12:27:26 | Метео-New | Нет данных
12:27:35 | Микроклимат 501 3 | Состояние климата - 192.168.1.244:2012-Обменов2 Попытка установить соединение была безуспешной, т.к. от другого компьютера за требуемое время не получен нужный отклик, или было разорвано уже установленное соединение из-за неверного отклика уже подключенного компьютера
12:27:35 | Микроклимат 501 3 | Нет приема данных
12:28:17 | Микроклимат 501 3 | Нет приема данных
12:28:27 | Метео-New | Нет данных
12:28:53 | Микроклимат 501 3 | Состояние климата - 192.168.1.244:2012-Обменов2 Сделана попытка выполнить операцию на объекте, не являющемся сокетом
12:28:53 | Микроклимат 501 3 | Нет приема данных
12:29:27 | Метео-New | Нет данных
12:29:35 | Микроклимат 501 3 | Состояние климата - 192.168.1.244:2012-Обменов2 Попытка установить соединение была безуспешной, т.к. от другого компьютера за требуемое время не получен нужный отклик, или было разорвано уже установленное соединение из-за неверного отклика уже подключенного компьютера
12:29:35 | Микроклимат 501 3 | Нет приема данных
12:30:17 | Микроклимат 501 3 | Нет приема данных
12:30:27 | Метео-New | Нет данных
12:30:53 | Микроклимат 501 3 | Состояние климата - 192.168.1.244:2012-Обменов2 Сделана попытка выполнить операцию на объекте, не являющемся сокетом
12:30:53 | Микроклимат 501 3 | Нет приема данных
12:31:27 | Метео-New | Нет данных
12:31:35 | Микроклимат 501 3 | Состояние климата - 192.168.1.244:2012-Обменов2 Попытка установить соединение была безуспешной, т.к. от другого компьютера за требуемое время не получен нужный отклик, или было разорвано уже установленное соединение из-за неверного отклика уже подключенного компьютера
12:31:35 | Микроклимат 501 3 | Нет приема данных
12:32:17 | Микроклимат 501 3 | Нет приема данных
12:32:27 | Метео-New | Нет данных
12:32:53 | Микроклимат 501 3 | Состояние климата - 192.168.1.244:2012-Обменов2 Сделана попытка выполнить операцию на объекте, не являющемся сокетом
12:32:53 | Микроклимат 501 3 | Нет приема данных
12:33:27 | Метео-New | Нет данных
12:33:35 | Микроклимат 501 3 | Состояние климата - 192.168.1.244:2012-Обменов2 Попытка установить соединение была безуспешной, т.к. от другого компьютера за требуемое время не получен нужный отклик, или было разорвано уже установленное соединение из-за неверного отклика уже подключенного компьютера
12:33:35 | Микроклимат 501 3 | Нет приема данных
12:34:17 | Микроклимат 501 3 | Нет приема данных
12:34:27 | Метео-New | Нет данных
12:34:53 | Микроклимат 501 3 | Состояние климата - 192.168.1.244:2012-Обменов2 Сделана попытка выполнить операцию на объекте, не являющемся сокетом
12:34:53 | Микроклимат 501 3 | Нет приема данных
12:35:27 | Метео-New | Нет данных
12:35:35 | Микроклимат 501 3 | Состояние климата - 192.168.1.244:2012-Обменов2 Попытка установить соединение была безуспешной, т.к. от другого компьютера за требуемое время не получен нужный отклик, или было разорвано уже установленное соединение из-за неверного отклика уже подключенного компьютера
12:35:35 | Микроклимат 501 3 | Нет приема данных
12:36:17 | Микроклимат 501 3 | Нет приема данных
12:36:27 | Метео-New | Нет данных
12:36:53 | Микроклимат 501 3 | Состояние климата - 192.168.1.244:2012-Обменов2 Сделана попытка выполнить операцию на объекте, не являющемся сокетом
12:36:53 | Микроклимат 501 3 | Нет приема данных
12:37:26 | Метео-New | Нет данных
12:37:35 | Микроклимат 501 3 | Состояние климата - 192.168.1.244:2012-Обменов2 Попытка установить соединение была безуспешной, т.к. от другого компьютера за требуемое время не получен нужный отклик, или было разорвано уже установленное соединение из-за неверного отклика уже подключенного компьютера
12:37:35 | Микроклимат 501 3 | Нет приема данных
12:38:17 | Микроклимат 501 3 | Нет приема данных
12:38:27 | Метео-New | Нет данных
12:38:53 | Микроклимат 501 3 | Состояние климата - 192.168.1.244:2012-Обменов2 Сделана попытка выполнить операцию на объекте, не являющемся сокетом
12:38:53 | Микроклимат 501 3 | Нет приема данных
12:39:27 | Метео-New | Нет данных
12:39:35 | Микроклимат 501 3 | Состояние климата - 192.168.1.244:2012-Обменов2 Попытка установить соединение была безуспешной, т.к. от другого компьютера за требуемое время не получен нужный отклик, или было разорвано уже установленное соединение из-за неверного отклика уже подключенного компьютера
12:39:35 | Микроклимат 501 3 | Нет приема данных
12:40:17 | Микроклимат 501 3 | Нет приема данных
12:40:26 | Метео-New | Нет данных
12:40:53 | Микроклимат 501 3 | Состояние климата - 192.168.1.244:2012-Обменов2 Сделана попытка выполнить операцию на объекте, не являющемся сокетом
12:40:53 | Микроклимат 501 3 | Нет приема данных
12:41:27 | Метео-New | Нет данных
12:41:35 | Микроклимат 501 3 | Состояние климата - 192.168.1.244:2012-Обменов2 Попытка установить соединение была безуспешной, т.к. от другого компьютера за требуемое время не получен нужный отклик, или было разорвано уже установленное соединение из-за неверного отклика уже подключенного компьютера
12:41:35 | Микроклимат 501 3 | Нет приема данных
12:42:17 | Микроклимат 501 3 | Нет приема данных
12:42:27 | Метео-New | Нет данных
12:42:53 | Микроклимат 501 3 | Состояние климата - 192.168.1.244:2012-Обменов2 Сделана попытка выполнить операцию на объекте, не являющемся сокетом
12:42:53 | Микроклимат 501 3 | Нет приема данных
12:43:27 | Метео-New | Нет данных
12:43:35 | Микроклимат 501 3 | Состояние климата - 192.168.1.244:2012-Обменов2 Попытка установить соединение была безуспешной, т.к. от другого компьютера за требуемое время не получен нужный отклик, или было разорвано уже установленное соединение из-за неверного отклика уже подключенного компьютера
12:43:35 | Микроклимат 501 3 | Нет приема данных
12:43:59 | MAX-FITO | Закрыт
12:44:17 | MAX-FITO | Стартовал
12:44:21 | Метео-New | Нет данных
12:45:21 | Метео-New | Нет данных
12:45:29 | Микроклимат 501 3 | Состояние климата - 192.168.1.244:2012-Обменов2 Попытка установить соединение была безуспешной, т.к. от другого компьютера за требуемое время не получен нужный отклик, или было разорвано уже установленное соединение из-за неверного отклика уже подключенного компьютера
12:45:29 | Микроклимат 501 3 | Нет приема данных
12:46:11 | Микроклимат 501 3 | Нет приема данных
12:46:11 | Микроклимат 501 3 | Зона 1 Температура воздуха 1 (Т1)-Отказ датчика
12:46:11 | Микроклимат 501 3 | Зона 2 Температура воздуха 1 (Т1)-Отказ датчика
12:46:11 | Микроклимат 501 3 | Зона 3 Температура воздуха 1 (Т1)-Отказ датчика
12:46:11 | Микроклимат 501 3 | Зона 1 Относит влажность воздуха-Отказ датчика
12:46:11 | Микроклимат 501 3 | Зона 2 Относит влажность воздуха-Отказ датчика
12:46:11 | Микроклимат 501 3 | Зона 3 Относит влажность воздуха-Отказ датчика
12:46:12 | Микроклимат 501 3 | HELLO
12:46:17 | Микроклимат 501 3 | Зона 1 Температура воздуха 1 (Т1)-Отказ датчика
12:46:17 | Микроклимат 501 3 | Зона 1 Относит влажность воздуха-Отказ датчика
12:46:17 | Микроклимат 501 3 | Зона 2 Относит влажность воздуха-Отказ датчика
12:46:17 | Микроклимат 501 3 | Зона 3 Относит влажность воздуха-Отказ датчика
12:46:21 | Метео-New | Нет данных
12:46:47 | Микроклимат 501 3 | Зона 1 Температура воздуха 1 (Т1)-Отказ датчика
12:46:47 | Микроклимат 501 3 | Зона 1 Относит влажность воздуха-Отказ датчика
12:46:47 | Микроклимат 501 3 | Зона 2 Относит влажность воздуха-Отказ датчика
12:46:47 | Микроклимат 501 3 | Зона 3 Относит влажность воздуха-Отказ датчика
12:46:50 | MAX-FITO | Закрыт
15:17:07 | MAX-FITO | Стартовал
15:17:12 | Микроклимат 501 3 | Зона 1 Температура воздуха 1 (Т1)-Отказ датчика
15:17:12 | Микроклимат 501 3 | Зона 1 Относит влажность воздуха-Отказ датчика
15:17:12 | Микроклимат 501 3 | Зона 2 Относит влажность воздуха-Отказ датчика
15:17:12 | Микроклимат 501 3 | Зона 3 Относит влажность воздуха-Отказ датчика
15:17:12 | Микроклимат 501 3 | HELLO
15:17:28 | MAX-FITO | Закрыт
16:12:50 | MAX-FITO | Стартовал
16:12:55 | Микроклимат 501 3 | Зона 1 Температура воздуха 1 (Т1)-Отказ датчика
16:12:55 | Микроклимат 501 3 | Зона 1 Относит влажность воздуха-Отказ датчика
16:12:55 | Микроклимат 501 3 | Зона 2 Относит влажность воздуха-Отказ датчика
16:12:55 | Микроклимат 501 3 | Зона 3 Относит влажность воздуха-Отказ датчика
16:12:55 | Микроклимат 501 3 | Управляет
16:13:25 | Микроклимат 501 3 | Зона 1 Температура воздуха 1 (Т1)-Отказ датчика
16:13:25 | Микроклимат 501 3 | Зона 1 Относит влажность воздуха-Отказ датчика
16:13:25 | Микроклимат 501 3 | Зона 2 Относит влажность воздуха-Отказ датчика
16:13:25 | Микроклимат 501 3 | Зона 3 Относит влажность воздуха-Отказ датчика
16:13:50 | Метео-New | Нет данных
16:13:55 | Микроклимат 501 3 | Зона 1 Температура воздуха 1 (Т1)-Отказ датчика
16:13:55 | Микроклимат 501 3 | Зона 1 Относит влажность воздуха-Отказ датчика
16:13:55 | Микроклимат 501 3 | Зона 2 Относит влажность воздуха-Отказ датчика
16:13:55 | Микроклимат 501 3 | Зона 3 Относит влажность воздуха-Отказ датчика
16:14:25 | Микроклимат 501 3 | Зона 1 Температура воздуха 1 (Т1)-Отказ датчика
16:14:25 | Микроклимат 501 3 | Зона 1 Относит влажность воздуха-Отказ датчика
16:14:25 | Микроклимат 501 3 | Зона 2 Относит влажность воздуха-Отказ датчика
16:14:25 | Микроклимат 501 3 | Зона 3 Относит влажность воздуха-Отказ датчика
16:14:50 | Метео-New | Нет данных
16:14:55 | Микроклимат 501 3 | Зона 1 Температура воздуха 1 (Т1)-Отказ датчика
16:14:55 | Микроклимат 501 3 | Зона 1 Относит влажность воздуха-Отказ датчика
16:14:55 | Микроклимат 501 3 | Зона 2 Относит влажность воздуха-Отказ датчика
16:14:55 | Микроклимат 501 3 | Зона 3 Относит влажность воздуха-Отказ датчика
16:15:25 | Микроклимат 501 3 | Зона 1 Температура воздуха 1 (Т1)-Отказ датчика
16:15:25 | Микроклимат 501 3 | Зона 1 Относит влажность воздуха-Отказ датчика
16:15:25 | Микроклимат 501 3 | Зона 2 Относит влажность воздуха-Отказ датчика
16:15:25 | Микроклимат 501 3 | Зона 3 Относит влажность воздуха-Отказ датчика
16:15:50 | Метео-New | Нет данных
16:15:55 | Микроклимат 501 3 | Зона 1 Температура воздуха 1 (Т1)-Отказ датчика
16:15:55 | Микроклимат 501 3 | Зона 1 Относит влажность воздуха-Отказ датчика
16:15:55 | Микроклимат 501 3 | Зона 2 Относит влажность воздуха-Отказ датчика
16:15:55 | Микроклимат 501 3 | Зона 3 Относит влажность воздуха-Отказ датчика
16:16:25 | Микроклимат 501 3 | Зона 1 Температура воздуха 1 (Т1)-Отказ датчика
16:16:25 | Микроклимат 501 3 | Зона 1 Относит влажность воздуха-Отказ датчика
16:16:25 | Микроклимат 501 3 | Зона 2 Относит влажность воздуха-Отказ датчика
16:16:25 | Микроклимат 501 3 | Зона 3 Относит влажность воздуха-Отказ датчика
16:16:50 | Метео-New | Нет данных
16:16:55 | Микроклимат 501 3 | Зона 1 Температура воздуха 1 (Т1)-Отказ датчика
16:16:55 | Микроклимат 501 3 | Зона 1 Относит влажность воздуха-Отказ датчика
16:16:55 | Микроклимат 501 3 | Зона 2 Относит влажность воздуха-Отказ датчика
16:16:55 | Микроклимат 501 3 | Зона 3 Относит влажность воздуха-Отказ датчика
16:17:25 | Микроклимат 501 3 | Зона 1 Температура воздуха 1 (Т1)-Отказ датчика
16:17:25 | Микроклимат 501 3 | Зона 1 Относит влажность воздуха-Отказ датчика
16:17:25 | Микроклимат 501 3 | Зона 2 Относит влажность воздуха-Отказ датчика
16:17:25 | Микроклимат 501 3 | Зона 3 Относит влажность воздуха-Отказ датчика
16:17:50 | Метео-New | Нет данных
16:18:00 | Микроклимат 501 3 | Зона 1 Температура воздуха 1 (Т1)-Отказ датчика
16:18:00 | Микроклимат 501 3 | Зона 1 Относит влажность воздуха-Отказ датчика
16:18:00 | Микроклимат 501 3 | Зона 2 Относит влажность воздуха-Отказ датчика
16:18:00 | Микроклимат 501 3 | Зона 3 Относит влажность воздуха-Отказ датчика
16:18:30 | Микроклимат 501 3 | Зона 1 Температура воздуха 1 (Т1)-Отказ датчика
16:18:30 | Микроклимат 501 3 | Зона 1 Относит влажность воздуха-Отказ датчика
16:18:30 | Микроклимат 501 3 | Зона 2 Относит влажность воздуха-Отказ датчика
16:18:30 | Микроклимат 501 3 | Зона 3 Относит влажность воздуха-Отказ датчика
16:18:50 | Метео-New | Нет данных
16:19:00 | Микроклимат 501 3 | Зона 1 Температура воздуха 1 (Т1)-Отказ датчика
16:19:00 | Микроклимат 501 3 | Зона 1 Относит влажность воздуха-Отказ датчика
16:19:00 | Микроклимат 501 3 | Зона 2 Относит влажность воздуха-Отказ датчика
16:19:00 | Микроклимат 501 3 | Зона 3 Относит влажность воздуха-Отказ датчика
16:19:25 | Микроклимат 501 3 | Зона 1 Температура воздуха 1 (Т1)-Отказ датчика
16:19:25 | Микроклимат 501 3 | Зона 1 Относит влажность воздуха-Отказ датчика
16:19:25 | Микроклимат 501 3 | Зона 2 Относит влажность воздуха-Отказ датчика
16:19:25 | Микроклимат 501 3 | Зона 3 Относит влажность воздуха-Отказ датчика
16:19:50 | Метео-New | Нет данных
16:19:55 | Микроклимат 501 3 | Зона 1 Температура воздуха 1 (Т1)-Отказ датчика
16:19:55 | Микроклимат 501 3 | Зона 1 Относит влажность воздуха-Отказ датчика
16:19:55 | Микроклимат 501 3 | Зона 2 Относит влажность воздуха-Отказ датчика
16:19:55 | Микроклимат 501 3 | Зона 3 Относит влажность воздуха-Отказ датчика
16:21:32 | MAX-FITO | Стартовал
16:21:37 | Микроклимат 501 3 | Зона 1 Температура воздуха 1 (Т1)-Отказ датчика
16:21:37 | Микроклимат 501 3 | Зона 1 Относит влажность воздуха-Отказ датчика
16:21:37 | Микроклимат 501 3 | Зона 2 Относит влажность воздуха-Отказ датчика
16:21:38 | Микроклимат 501 3 | Зона 3 Относит влажность воздуха-Отказ датчика
16:21:45 | Микроклимат 501 3 | Авария управления
16:22:07 | Микроклимат 501 3 | Зона 1 Температура воздуха 1 (Т1)-Отказ датчика
16:22:07 | Микроклимат 501 3 | Зона 1 Относит влажность воздуха-Отказ датчика
16:22:07 | Микроклимат 501 3 | Зона 2 Относит влажность воздуха-Отказ датчика
16:22:07 | Микроклимат 501 3 | Зона 3 Относит влажность воздуха-Отказ датчика
16:22:07 | Микроклимат 501 3 | Авария управления
16:22:32 | Метео-New | Нет данных
16:22:37 | Микроклимат 501 3 | Зона 1 Температура воздуха 1 (Т1)-Отказ датчика
16:22:37 | Микроклимат 501 3 | Зона 1 Относит влажность воздуха-Отказ датчика
16:22:37 | Микроклимат 501 3 | Зона 2 Относит влажность воздуха-Отказ датчика
16:22:37 | Микроклимат 501 3 | Зона 3 Относит влажность воздуха-Отказ датчика
16:22:37 | Микроклимат 501 3 | Авария управления
16:22:40 | MAX-FITO | Закрыт
16:27:44 | MAX-FITO | Стартовал
16:27:50 | Микроклимат 501 3 | Зона 1 Температура воздуха 1 (Т1)-Отказ датчика
16:27:50 | Микроклимат 501 3 | Зона 1 Относит влажность воздуха-Отказ датчика
16:27:50 | Микроклимат 501 3 | Зона 2 Относит влажность воздуха-Отказ датчика
16:27:50 | Микроклимат 501 3 | Зона 3 Относит влажность воздуха-Отказ датчика
16:27:50 | Микроклимат 501 3 | Авария управления
16:28:19 | Микроклимат 501 3 | Зона 1 Температура воздуха 1 (Т1)-Отказ датчика
16:28:20 | Микроклимат 501 3 | Зона 1 Относит влажность воздуха-Отказ датчика
16:28:20 | Микроклимат 501 3 | Зона 2 Относит влажность воздуха-Отказ датчика
16:28:20 | Микроклимат 501 3 | Зона 3 Относит влажность воздуха-Отказ датчика
16:28:20 | Микроклимат 501 3 | Авария управления
16:28:36 | MAX-FITO | Закрыт
