9:40:53 | MAX-FITO | Стартовал
9:41:17 | MAX-FITO | Закрыт
9:48:13 | MAX-FITO | Стартовал
9:49:13 | Микроклимат 501 3 | Авария управления
9:50:15 | Микроклимат 501 3 | Авария управления
9:51:13 | Микроклимат 501 3 | Авария управления
9:52:13 | Микроклимат 501 3 | Авария управления
9:53:13 | Микроклимат 501 3 | Авария управления
9:54:19 | Микроклимат 501 3 | Авария управления
9:54:46 | MAX-FITO | Закрыт
10:09:44 | MAX-FITO | Стартовал
10:10:24 | MAX-FITO | Закрыт
10:21:01 | MAX-FITO | Стартовал
10:21:12 | MAX-FITO | Закрыт
10:23:24 | MAX-FITO | Стартовал
10:24:24 | Микроклимат 501 3 | Авария управления
10:25:24 | Микроклимат 501 3 | Авария управления
10:25:25 | MAX-FITO | Закрыт
10:25:36 | MAX-FITO | Стартовал
10:26:36 | Микроклимат 501 3 | Авария управления
10:27:36 | Микроклимат 501 3 | Авария управления
10:28:36 | Микроклимат 501 3 | Авария управления
10:30:04 | Микроклимат 501 3 | Состояние климата - 192.168.1.244:2012-Обменов2 Сделана попытка выполнить операцию на объекте, не являющемся сокетом
10:30:04 | Микроклимат 501 3 | Нет приема данных
10:30:41 | Микроклимат 501 3 | Авария управления
10:31:36 | Микроклимат 501 3 | Авария управления
10:32:36 | Микроклимат 501 3 | Авария управления
10:33:36 | Микроклимат 501 3 | Авария управления
10:35:18 | Микроклимат 501 3 | Состояние климата - 192.168.1.244:2012-Обменов2 Попытка установить соединение была безуспешной, т.к. от другого компьютера за требуемое время не получен нужный отклик, или было разорвано уже установленное соединение из-за неверного отклика уже подключенного компьютера
10:35:18 | Микроклимат 501 3 | Нет приема данных
10:36:18 | Микроклимат 501 3 | Нет приема данных
10:37:18 | Микроклимат 501 3 | Нет приема данных
10:37:57 | Микроклимат 501 3 | Авария управления
10:38:36 | Микроклимат 501 3 | Авария управления
10:39:36 | Микроклимат 501 3 | Авария управления
10:40:36 | Микроклимат 501 3 | Авария управления
10:41:36 | Микроклимат 501 3 | Авария управления
10:42:36 | Микроклимат 501 3 | Авария управления
10:43:41 | Микроклимат 501 3 | Авария управления
10:44:41 | Микроклимат 501 3 | Авария управления
10:46:18 | Микроклимат 501 3 | Состояние климата - 192.168.1.244:2012-Обменов2 Попытка установить соединение была безуспешной, т.к. от другого компьютера за требуемое время не получен нужный отклик, или было разорвано уже установленное соединение из-за неверного отклика уже подключенного компьютера
10:46:18 | Микроклимат 501 3 | Нет приема данных
10:47:18 | Микроклимат 501 3 | Нет приема данных
10:48:18 | Микроклимат 501 3 | Нет приема данных
10:48:57 | Микроклимат 501 3 | Авария управления
10:49:36 | Микроклимат 501 3 | Авария управления
10:50:36 | Микроклимат 501 3 | Авария управления
10:51:36 | Микроклимат 501 3 | Авария управления
10:52:36 | Микроклимат 501 3 | Авария управления
10:53:36 | Микроклимат 501 3 | Авария управления
10:54:36 | Микроклимат 501 3 | Авария управления
10:55:36 | Микроклимат 501 3 | Авария управления
10:56:36 | Микроклимат 501 3 | Авария управления
10:57:41 | Микроклимат 501 3 | Авария управления
10:58:41 | Микроклимат 501 3 | Авария управления
10:59:36 | Микроклимат 501 3 | Авария управления
11:00:36 | Микроклимат 501 3 | Авария управления
11:01:36 | Микроклимат 501 3 | Авария управления
11:02:36 | Микроклимат 501 3 | Авария управления
11:03:41 | Микроклимат 501 3 | Авария управления
11:05:18 | Микроклимат 501 3 | Состояние климата - 192.168.1.244:2012-Обменов2 Попытка установить соединение была безуспешной, т.к. от другого компьютера за требуемое время не получен нужный отклик, или было разорвано уже установленное соединение из-за неверного отклика уже подключенного компьютера
11:05:18 | Микроклимат 501 3 | Нет приема данных
11:05:57 | Микроклимат 501 3 | Авария управления
11:06:36 | Микроклимат 501 3 | Авария управления
11:06:55 | MAX-FITO | Закрыт
11:26:30 | MAX-FITO | Стартовал
11:27:30 | Микроклимат 501 3 | Авария управления
11:27:44 | MAX-FITO | Закрыт
11:42:22 | MAX-FITO | Стартовал
11:43:22 | Микроклимат 501 3 | Авария управления
11:44:31 | Микроклимат 501 3 | Авария управления
11:45:35 | Микроклимат 501 3 | Авария управления
11:46:22 | Микроклимат 501 3 | Авария управления
11:47:22 | Микроклимат 501 3 | Авария управления
11:48:38 | Микроклимат 501 3 | Авария управления
11:48:40 | MAX-FITO | Закрыт
11:49:49 | MAX-FITO | Стартовал
11:50:16 | MAX-FITO | Закрыт
11:58:11 | MAX-FITO | Стартовал
11:58:52 | MAX-FITO | Закрыт
12:16:16 | MAX-FITO | Стартовал
12:17:17 | Микроклимат 501 3 | Авария управления
12:18:17 | Микроклимат 501 3 | Авария управления
12:18:52 | MAX-FITO | Закрыт
12:21:39 | MAX-FITO | Стартовал
12:22:40 | Микроклимат 501 3 | Авария управления
12:23:39 | Микроклимат 501 3 | Авария управления
12:24:39 | Микроклимат 501 3 | Авария управления
12:25:40 | Микроклимат 501 3 | Авария управления
12:26:45 | Микроклимат 501 3 | Авария управления
12:27:45 | Микроклимат 501 3 | Авария управления
12:28:40 | Микроклимат 501 3 | Авария управления
12:29:40 | Микроклимат 501 3 | Авария управления
12:30:45 | Микроклимат 501 3 | Авария управления
12:31:45 | Микроклимат 501 3 | Авария управления
12:32:39 | Микроклимат 501 3 | Авария управления
12:33:40 | Микроклимат 501 3 | Авария управления
12:34:40 | Микроклимат 501 3 | Авария управления
12:35:39 | Микроклимат 501 3 | Авария управления
12:36:40 | Микроклимат 501 3 | Авария управления
12:37:45 | Микроклимат 501 3 | Авария управления
12:38:39 | Микроклимат 501 3 | Авария управления
12:39:40 | Микроклимат 501 3 | Авария управления
12:40:40 | Микроклимат 501 3 | Авария управления
12:41:40 | Микроклимат 501 3 | Авария управления
12:42:39 | Микроклимат 501 3 | Авария управления
12:43:45 | Микроклимат 501 3 | Авария управления
12:44:40 | Микроклимат 501 3 | Авария управления
12:45:40 | Микроклимат 501 3 | Авария управления
12:46:40 | Микроклимат 501 3 | Авария управления
12:47:39 | Микроклимат 501 3 | Авария управления
12:48:40 | Микроклимат 501 3 | Авария управления
12:49:39 | Микроклимат 501 3 | Авария управления
12:50:45 | Микроклимат 501 3 | Авария управления
12:51:40 | Микроклимат 501 3 | Авария управления
12:52:40 | Микроклимат 501 3 | Авария управления
12:53:40 | Микроклимат 501 3 | Авария управления
12:54:40 | Микроклимат 501 3 | Авария управления
12:55:39 | Микроклимат 501 3 | Авария управления
12:56:45 | Микроклимат 501 3 | Авария управления
12:57:45 | Микроклимат 501 3 | Авария управления
12:58:39 | Микроклимат 501 3 | Авария управления
12:59:40 | Микроклимат 501 3 | Авария управления
13:00:45 | Микроклимат 501 3 | Авария управления
13:01:40 | Микроклимат 501 3 | Авария управления
13:02:40 | Микроклимат 501 3 | Авария управления
13:03:39 | Микроклимат 501 3 | Авария управления
13:04:40 | Микроклимат 501 3 | Авария управления
13:05:39 | Микроклимат 501 3 | Авария управления
13:06:45 | Микроклимат 501 3 | Авария управления
13:07:39 | Микроклимат 501 3 | Авария управления
13:08:40 | Микроклимат 501 3 | Авария управления
13:09:39 | Микроклимат 501 3 | Авария управления
13:10:39 | Микроклимат 501 3 | Авария управления
13:11:40 | Микроклимат 501 3 | Авария управления
13:12:39 | Микроклимат 501 3 | Авария управления
13:13:45 | Микроклимат 501 3 | Авария управления
13:14:39 | Микроклимат 501 3 | Авария управления
13:15:40 | Микроклимат 501 3 | Авария управления
13:16:45 | Микроклимат 501 3 | Авария управления
13:18:00 | Микроклимат 501 3 | Авария управления
13:18:40 | Микроклимат 501 3 | Авария управления
13:19:40 | Микроклимат 501 3 | Авария управления
13:20:39 | Микроклимат 501 3 | Авария управления
13:21:39 | Микроклимат 501 3 | Авария управления
13:22:40 | Микроклимат 501 3 | Авария управления
13:23:40 | Микроклимат 501 3 | Авария управления
13:24:45 | Микроклимат 501 3 | Авария управления
13:25:45 | Микроклимат 501 3 | Авария управления
13:26:40 | Микроклимат 501 3 | Авария управления
13:27:39 | Микроклимат 501 3 | Авария управления
13:28:40 | Микроклимат 501 3 | Авария управления
13:29:45 | Микроклимат 501 3 | Авария управления
13:30:39 | Микроклимат 501 3 | Авария управления
13:31:39 | Микроклимат 501 3 | Авария управления
13:32:45 | Микроклимат 501 3 | Авария управления
13:33:45 | Микроклимат 501 3 | Авария управления
13:34:39 | Микроклимат 501 3 | Авария управления
13:35:39 | Микроклимат 501 3 | Авария управления
13:36:40 | Микроклимат 501 3 | Авария управления
13:37:39 | Микроклимат 501 3 | Авария управления
13:38:39 | Микроклимат 501 3 | Авария управления
13:39:39 | Микроклимат 501 3 | Авария управления
13:40:40 | Микроклимат 501 3 | Авария управления
13:41:40 | Микроклимат 501 3 | Авария управления
13:42:39 | Микроклимат 501 3 | Авария управления
13:43:40 | Микроклимат 501 3 | Авария управления
13:44:39 | Микроклимат 501 3 | Авария управления
13:45:45 | Микроклимат 501 3 | Авария управления
13:46:39 | Микроклимат 501 3 | Авария управления
13:47:40 | Микроклимат 501 3 | Авария управления
13:48:45 | Микроклимат 501 3 | Авария управления
13:49:39 | Микроклимат 501 3 | Авария управления
13:50:39 | Микроклимат 501 3 | Авария управления
13:51:45 | Микроклимат 501 3 | Авария управления
13:52:39 | Микроклимат 501 3 | Авария управления
13:53:39 | Микроклимат 501 3 | Авария управления
13:54:45 | Микроклимат 501 3 | Авария управления
13:55:39 | Микроклимат 501 3 | Авария управления
13:56:34 | MAX-FITO | Закрыт
15:18:39 | MAX-FITO | Стартовал
15:19:30 | MAX-FITO | Закрыт
15:20:21 | MAX-FITO | Стартовал
15:21:03 | MAX-FITO | Закрыт
15:22:38 | MAX-FITO | Стартовал
15:23:38 | Микроклимат 501 3 | Авария управления
15:24:38 | Микроклимат 501 3 | Авария управления
15:25:38 | Микроклимат 501 3 | Авария управления
15:26:38 | Микроклимат 501 3 | Авария управления
15:26:56 | MAX-FITO | Закрыт
15:28:12 | MAX-FITO | Стартовал
15:29:12 | Микроклимат 501 3 | Авария управления
15:30:12 | Микроклимат 501 3 | Авария управления
15:31:12 | Микроклимат 501 3 | Авария управления
15:32:33 | Микроклимат 501 3 | Авария управления
15:33:12 | Микроклимат 501 3 | Авария управления
15:34:12 | Микроклимат 501 3 | Авария управления
15:35:17 | Микроклимат 501 3 | Авария управления
15:36:12 | Микроклимат 501 3 | Авария управления
15:37:12 | Микроклимат 501 3 | Авария управления
15:38:18 | Микроклимат 501 3 | Авария управления
15:39:12 | Микроклимат 501 3 | Авария управления
15:40:12 | Микроклимат 501 3 | Авария управления
15:41:12 | Микроклимат 501 3 | Авария управления
15:41:17 | MAX-FITO | Закрыт
15:56:39 | MAX-FITO | Стартовал
15:56:41 | MAX-FITO | Закрыт
15:57:28 | MAX-FITO | Стартовал
15:58:29 | Микроклимат 501 3 | Авария управления
15:59:02 | MAX-FITO | Закрыт
15:59:22 | MAX-FITO | Стартовал
16:00:22 | Микроклимат 501 3 | Авария управления
16:00:42 | MAX-FITO | Закрыт
16:54:14 | MAX-FITO | Стартовал
16:54:15 | MAX-FITO | Закрыт
